2023-02-04 13:03:03,074 DEBUG {"method": "GET", "url": "https://cloud.tenable.com/filters/scans/agents", "params": {}, "body": {}}
2023-02-04 13:03:03,081 DEBUG Starting new HTTPS connection (1): cloud.tenable.com:443
2023-02-04 13:03:03,585 DEBUG https://cloud.tenable.com:443 "GET /filters/scans/agents HTTP/1.1" 200 None
2023-02-04 13:03:03,586 DEBUG Request-UUID 89b7fc13e23e0696ebee1ca4a2f2d848 for https://cloud.tenable.com/filters/scans/agents
2023-02-04 13:03:03,587 DEBUG {"method": "GET", "url": "https://cloud.tenable.com/scanners/1/agents", "params": {"f": ["groups:eq:265114"], "limit": 50, "offset": 0}, "body": {}}
2023-02-04 13:03:03,816 DEBUG https://cloud.tenable.com:443 "GET /scanners/1/agents?f=groups%3Aeq%3A265114&limit=50&offset=0 HTTP/1.1" 200 99
2023-02-04 13:03:03,818 DEBUG Request-UUID 6530959de1419a988a66d9efb053b870 for https://cloud.tenable.com/scanners/1/agents
2023-02-04 13:03:29,787 DEBUG {"method": "GET", "url": "https://cloud.tenable.com/filters/scans/agents", "params": {}, "body": {}}
2023-02-04 13:03:29,793 DEBUG Starting new HTTPS connection (1): cloud.tenable.com:443
2023-02-04 13:03:30,144 DEBUG https://cloud.tenable.com:443 "GET /filters/scans/agents HTTP/1.1" 200 None
2023-02-04 13:03:30,145 DEBUG Request-UUID 15f0bea9707a3ce6a0a8c95e3b303576 for https://cloud.tenable.com/filters/scans/agents
2023-02-04 13:03:30,145 DEBUG {"method": "GET", "url": "https://cloud.tenable.com/scanners/1/agents", "params": {"f": ["groups:neq:265114"], "limit": 50, "offset": 0}, "body": {}}
2023-02-04 13:03:30,591 DEBUG https://cloud.tenable.com:443 "GET /scanners/1/agents?f=groups%3Aneq%3A265114&limit=50&offset=0 HTTP/1.1" 200 None
2023-02-04 13:03:30,593 DEBUG Request-UUID 31d368a3a630bea0ce177e91ec1eb381 for https://cloud.tenable.com/scanners/1/agents
2023-02-04 13:03:30,594 DEBUG {"method": "GET", "url": "https://cloud.tenable.com/scanners/1/agents", "params": {"f": ["groups:neq:265114"], "limit": 50, "offset": 50}, "body": {}}
2023-02-04 13:03:34,557 DEBUG https://cloud.tenable.com:443 "GET /scanners/1/agents?f=groups%3Aneq%3A265114&limit=50&offset=50 HTTP/1.1" 200 None
2023-02-04 13:03:34,558 DEBUG Request-UUID 2980aa74484120e884094004be685371 for https://cloud.tenable.com/scanners/1/agents
2023-02-04 13:03:34,559 DEBUG {"method": "GET", "url": "https://cloud.tenable.com/scanners/1/agents", "params": {"f": ["groups:neq:265114"], "limit": 50, "offset": 100}, "body": {}}
2023-02-04 13:03:38,549 DEBUG https://cloud.tenable.com:443 "GET /scanners/1/agents?f=groups%3Aneq%3A265114&limit=50&offset=100 HTTP/1.1" 200 None
2023-02-04 13:03:38,551 DEBUG Request-UUID 2bccd6fa92d21c9e432e72ea2564e6bc for https://cloud.tenable.com/scanners/1/agents
2023-02-04 13:03:38,552 DEBUG {"method": "GET", "url": "https://cloud.tenable.com/scanners/1/agents", "params": {"f": ["groups:neq:265114"], "limit": 50, "offset": 150}, "body": {}}
2023-02-04 13:03:42,744 DEBUG https://cloud.tenable.com:443 "GET /scanners/1/agents?f=groups%3Aneq%3A265114&limit=50&offset=150 HTTP/1.1" 200 None
2023-02-04 13:03:42,746 DEBUG Request-UUID 8f10f16d13323351d82e631f376a42e9 for https://cloud.tenable.com/scanners/1/agents
2023-02-04 13:03:42,746 DEBUG {"method": "GET", "url": "https://cloud.tenable.com/scanners/1/agents/103920421", "params": {}, "body": {}}
2023-02-04 13:03:47,932 DEBUG https://cloud.tenable.com:443 "GET /scanners/1/agents/103920421 HTTP/1.1" 200 None
2023-02-04 13:03:47,933 DEBUG Request-UUID 1aa5a36553c605464d45b1608e8f3068 for https://cloud.tenable.com/scanners/1/agents/103920421
2023-02-04 13:03:47,933 DEBUG {"method": "GET", "url": "https://cloud.tenable.com/scanners/1/agents/103918090", "params": {}, "body": {}}
2023-02-04 13:03:52,125 DEBUG https://cloud.tenable.com:443 "GET /scanners/1/agents/103918090 HTTP/1.1" 200 None
2023-02-04 13:03:52,126 DEBUG Request-UUID a57aef67a46188d5b1b2c00752bcc78f for https://cloud.tenable.com/scanners/1/agents/103918090
2023-02-04 13:03:52,126 DEBUG {"method": "GET", "url": "https://cloud.tenable.com/scanners/1/agents/102871790", "params": {}, "body": {}}
2023-02-04 13:03:55,714 DEBUG https://cloud.tenable.com:443 "GET /scanners/1/agents/102871790 HTTP/1.1" 200 None
2023-02-04 13:03:55,716 DEBUG Request-UUID 97b527542d6f44411ef390e769f27b45 for https://cloud.tenable.com/scanners/1/agents/102871790
2023-02-04 13:03:55,716 DEBUG {"method": "GET", "url": "https://cloud.tenable.com/scanners/1/agents/17302931", "params": {}, "body": {}}
2023-02-04 13:03:59,798 DEBUG https://cloud.tenable.com:443 "GET /scanners/1/agents/17302931 HTTP/1.1" 200 None
2023-02-04 13:03:59,800 DEBUG Request-UUID 3bfad85396db3fab1addd86b81905a28 for https://cloud.tenable.com/scanners/1/agents/17302931
2023-02-04 13:03:59,800 DEBUG {"method": "GET", "url": "https://cloud.tenable.com/scanners/1/agents/17304432", "params": {}, "body": {}}
2023-02-04 13:04:03,727 DEBUG https://cloud.tenable.com:443 "GET /scanners/1/agents/17304432 HTTP/1.1" 200 None
2023-02-04 13:04:03,729 DEBUG Request-UUID 4611e0ff11b4e293f1092eca68f8d9ab for https://cloud.tenable.com/scanners/1/agents/17304432
2023-02-04 13:04:03,729 DEBUG {"method": "GET", "url": "https://cloud.tenable.com/scanners/1/agents/45984770", "params": {}, "body": {}}
2023-02-04 13:04:07,763 DEBUG https://cloud.tenable.com:443 "GET /scanners/1/agents/45984770 HTTP/1.1" 200 None
2023-02-04 13:04:07,764 DEBUG Request-UUID 301fceef599226a87f6aa8b32518f09d for https://cloud.tenable.com/scanners/1/agents/45984770
2023-02-04 13:04:07,764 DEBUG {"method": "GET", "url": "https://cloud.tenable.com/scanners/1/agents/45987875", "params": {}, "body": {}}
2023-02-04 13:04:11,930 DEBUG https://cloud.tenable.com:443 "GET /scanners/1/agents/45987875 HTTP/1.1" 200 None
2023-02-04 13:04:11,931 DEBUG Request-UUID 25b3518bfd598f2da7dd473497351a7c for https://cloud.tenable.com/scanners/1/agents/45987875
2023-02-04 13:04:11,932 DEBUG {"method": "GET", "url": "https://cloud.tenable.com/scanners/1/agents/17305109", "params": {}, "body": {}}
2023-02-04 13:04:15,705 DEBUG https://cloud.tenable.com:443 "GET /scanners/1/agents/17305109 HTTP/1.1" 200 None
2023-02-04 13:04:15,706 DEBUG Request-UUID ecef7371d903ea9556cf7f513c0ceedf for https://cloud.tenable.com/scanners/1/agents/17305109
2023-02-04 13:04:15,706 DEBUG {"method": "GET", "url": "https://cloud.tenable.com/scanners/1/agents/17304848", "params": {}, "body": {}}
2023-02-04 13:04:19,746 DEBUG https://cloud.tenable.com:443 "GET /scanners/1/agents/17304848 HTTP/1.1" 200 None
2023-02-04 13:04:19,747 DEBUG Request-UUID 174cff26c9dfebac4686705b81444141 for https://cloud.tenable.com/scanners/1/agents/17304848
2023-02-04 13:04:19,747 DEBUG {"method": "GET", "url": "https://cloud.tenable.com/scanners/1/agents/17304862", "params": {}, "body": {}}
2023-02-04 13:04:23,681 DEBUG https://cloud.tenable.com:443 "GET /scanners/1/agents/17304862 HTTP/1.1" 200 None
2023-02-04 13:04:23,683 DEBUG Request-UUID 027c88f0c2c3e436ec78ca0e679a94dd for https://cloud.tenable.com/scanners/1/agents/17304862
2023-02-04 13:04:23,683 DEBUG {"method": "GET", "url": "https://cloud.tenable.com/scanners/1/agents/17304864", "params": {}, "body": {}}
2023-02-04 13:04:27,721 DEBUG https://cloud.tenable.com:443 "GET /scanners/1/agents/17304864 HTTP/1.1" 200 None
2023-02-04 13:04:27,723 DEBUG Request-UUID 2dd92cb84d1153597f3a1ba91283821c for https://cloud.tenable.com/scanners/1/agents/17304864
2023-02-04 13:04:27,723 DEBUG {"method": "GET", "url": "https://cloud.tenable.com/scanners/1/agents/45990818", "params": {}, "body": {}}
2023-02-04 13:04:31,777 DEBUG https://cloud.tenable.com:443 "GET /scanners/1/agents/45990818 HTTP/1.1" 200 None
2023-02-04 13:04:31,779 DEBUG Request-UUID 452aced82b63acf9409bbbb60f92e875 for https://cloud.tenable.com/scanners/1/agents/45990818
2023-02-04 13:04:31,780 DEBUG {"method": "GET", "url": "https://cloud.tenable.com/scanners/1/agents/45984768", "params": {}, "body": {}}
2023-02-04 13:04:36,708 DEBUG https://cloud.tenable.com:443 "GET /scanners/1/agents/45984768 HTTP/1.1" 200 None
2023-02-04 13:04:36,709 DEBUG Request-UUID 2ed345fb9b668287d308da0337de7f75 for https://cloud.tenable.com/scanners/1/agents/45984768
2023-02-04 13:04:36,709 DEBUG {"method": "GET", "url": "https://cloud.tenable.com/scanners/1/agents/45984773", "params": {}, "body": {}}
2023-02-04 13:04:39,671 DEBUG https://cloud.tenable.com:443 "GET /scanners/1/agents/45984773 HTTP/1.1" 200 None
2023-02-04 13:04:39,672 DEBUG Request-UUID f7f37d3960566e1963cb44466e7d0913 for https://cloud.tenable.com/scanners/1/agents/45984773
2023-02-04 13:04:39,673 DEBUG {"method": "GET", "url": "https://cloud.tenable.com/scanners/1/agents/45984778", "params": {}, "body": {}}
2023-02-04 13:04:44,032 DEBUG https://cloud.tenable.com:443 "GET /scanners/1/agents/45984778 HTTP/1.1" 200 None
2023-02-04 13:04:44,034 DEBUG Request-UUID c3ddc6d5669fb51b69a4f771f0b85c34 for https://cloud.tenable.com/scanners/1/agents/45984778
2023-02-04 13:04:44,034 DEBUG {"method": "GET", "url": "https://cloud.tenable.com/scanners/1/agents/99916278", "params": {}, "body": {}}
2023-02-04 13:04:47,720 DEBUG https://cloud.tenable.com:443 "GET /scanners/1/agents/99916278 HTTP/1.1" 200 None
2023-02-04 13:04:47,721 DEBUG Request-UUID 2434dfd91636b0baeeb8175156277309 for https://cloud.tenable.com/scanners/1/agents/99916278
2023-02-04 13:04:47,722 DEBUG {"method": "GET", "url": "https://cloud.tenable.com/scanners/1/agents/16704694", "params": {}, "body": {}}
2023-02-04 13:04:52,173 DEBUG https://cloud.tenable.com:443 "GET /scanners/1/agents/16704694 HTTP/1.1" 200 None
2023-02-04 13:04:52,175 DEBUG Request-UUID 1b92826b24b13c6e2ad787ea9bd62518 for https://cloud.tenable.com/scanners/1/agents/16704694
2023-02-04 13:04:52,176 DEBUG {"method": "GET", "url": "https://cloud.tenable.com/scanners/1/agents/16714784", "params": {}, "body": {}}
2023-02-04 13:04:55,756 DEBUG https://cloud.tenable.com:443 "GET /scanners/1/agents/16714784 HTTP/1.1" 200 None
2023-02-04 13:04:55,757 DEBUG Request-UUID 81168d9583f95aa81d3fcb009dee96ee for https://cloud.tenable.com/scanners/1/agents/16714784
2023-02-04 13:04:55,758 DEBUG {"method": "GET", "url": "https://cloud.tenable.com/scanners/1/agents/16714788", "params": {}, "body": {}}
2023-02-04 13:04:59,832 DEBUG https://cloud.tenable.com:443 "GET /scanners/1/agents/16714788 HTTP/1.1" 200 None
2023-02-04 13:04:59,834 DEBUG Request-UUID 197632f2775366a2bd6cd13c48716c6d for https://cloud.tenable.com/scanners/1/agents/16714788
2023-02-04 13:04:59,834 DEBUG {"method": "GET", "url": "https://cloud.tenable.com/scanners/1/agents/16715221", "params": {}, "body": {}}
2023-02-04 13:05:03,748 DEBUG https://cloud.tenable.com:443 "GET /scanners/1/agents/16715221 HTTP/1.1" 200 None
2023-02-04 13:05:03,749 DEBUG Request-UUID 769d91f3b057bf5810dbda0ae1e0af11 for https://cloud.tenable.com/scanners/1/agents/16715221
2023-02-04 13:05:03,750 DEBUG {"method": "GET", "url": "https://cloud.tenable.com/scanners/1/agents/100069201", "params": {}, "body": {}}
2023-02-04 13:05:07,838 DEBUG https://cloud.tenable.com:443 "GET /scanners/1/agents/100069201 HTTP/1.1" 200 None
2023-02-04 13:05:07,839 DEBUG Request-UUID e002481fdc9bb0e7e9705779149367be for https://cloud.tenable.com/scanners/1/agents/100069201
2023-02-04 13:05:07,839 DEBUG {"method": "GET", "url": "https://cloud.tenable.com/scanners/1/agents/45976509", "params": {}, "body": {}}
2023-02-04 13:05:11,731 DEBUG https://cloud.tenable.com:443 "GET /scanners/1/agents/45976509 HTTP/1.1" 200 None
2023-02-04 13:05:11,732 DEBUG Request-UUID b2d42d34f96758359f3d87828a4fef42 for https://cloud.tenable.com/scanners/1/agents/45976509
2023-02-04 13:05:11,732 DEBUG {"method": "GET", "url": "https://cloud.tenable.com/scanners/1/agents/16923022", "params": {}, "body": {}}
2023-02-04 13:05:15,702 DEBUG https://cloud.tenable.com:443 "GET /scanners/1/agents/16923022 HTTP/1.1" 200 None
2023-02-04 13:05:15,703 DEBUG Request-UUID ebb9840692dc76896387257181edc8d4 for https://cloud.tenable.com/scanners/1/agents/16923022
2023-02-04 13:05:15,704 DEBUG {"method": "GET", "url": "https://cloud.tenable.com/scanners/1/agents/100749111", "params": {}, "body": {}}
2023-02-04 13:05:19,819 DEBUG https://cloud.tenable.com:443 "GET /scanners/1/agents/100749111 HTTP/1.1" 200 None
2023-02-04 13:05:19,820 DEBUG Request-UUID e1a73d8808b7db1e3d8c1206f19cbf31 for https://cloud.tenable.com/scanners/1/agents/100749111
2023-02-04 13:05:19,821 DEBUG {"method": "GET", "url": "https://cloud.tenable.com/scanners/1/agents/39786690", "params": {}, "body": {}}
2023-02-04 13:05:23,915 DEBUG https://cloud.tenable.com:443 "GET /scanners/1/agents/39786690 HTTP/1.1" 200 None
2023-02-04 13:05:23,916 DEBUG Request-UUID da11ecebc7a7103495e748d78aa11438 for https://cloud.tenable.com/scanners/1/agents/39786690
2023-02-04 13:05:23,917 DEBUG {"method": "GET", "url": "https://cloud.tenable.com/scanners/1/agents/16920246", "params": {}, "body": {}}
2023-02-04 13:05:27,803 DEBUG https://cloud.tenable.com:443 "GET /scanners/1/agents/16920246 HTTP/1.1" 200 None
2023-02-04 13:05:27,804 DEBUG Request-UUID 5bedeabc05a6ba0f9874decc829f28f4 for https://cloud.tenable.com/scanners/1/agents/16920246
2023-02-04 13:05:27,804 DEBUG {"method": "GET", "url": "https://cloud.tenable.com/scanners/1/agents/45988817", "params": {}, "body": {}}
2023-02-04 13:05:31,799 DEBUG https://cloud.tenable.com:443 "GET /scanners/1/agents/45988817 HTTP/1.1" 200 None
2023-02-04 13:05:31,801 DEBUG Request-UUID ee24458ca43b87be213f12890fd28114 for https://cloud.tenable.com/scanners/1/agents/45988817
2023-02-04 13:05:31,801 DEBUG {"method": "GET", "url": "https://cloud.tenable.com/scanners/1/agents/16925653", "params": {}, "body": {}}
2023-02-04 13:05:35,793 DEBUG https://cloud.tenable.com:443 "GET /scanners/1/agents/16925653 HTTP/1.1" 200 None
2023-02-04 13:05:35,794 DEBUG Request-UUID af3ff386f59bd83c445afa6841120ea3 for https://cloud.tenable.com/scanners/1/agents/16925653
2023-02-04 13:05:35,795 DEBUG {"method": "GET", "url": "https://cloud.tenable.com/scanners/1/agents/16923160", "params": {}, "body": {}}
2023-02-04 13:05:39,786 DEBUG https://cloud.tenable.com:443 "GET /scanners/1/agents/16923160 HTTP/1.1" 200 None
2023-02-04 13:05:39,787 DEBUG Request-UUID 901981b6c88b08ce9b7050665095ed15 for https://cloud.tenable.com/scanners/1/agents/16923160
2023-02-04 13:05:39,787 DEBUG {"method": "GET", "url": "https://cloud.tenable.com/scanners/1/agents/16920262", "params": {}, "body": {}}
2023-02-04 13:05:43,677 DEBUG https://cloud.tenable.com:443 "GET /scanners/1/agents/16920262 HTTP/1.1" 200 None
2023-02-04 13:05:43,679 DEBUG Request-UUID a2b58fc7661fc9a11c718da4d2455a8a for https://cloud.tenable.com/scanners/1/agents/16920262
2023-02-04 13:05:43,680 DEBUG {"method": "GET", "url": "https://cloud.tenable.com/scanners/1/agents/16920983", "params": {}, "body": {}}
2023-02-04 13:05:47,773 DEBUG https://cloud.tenable.com:443 "GET /scanners/1/agents/16920983 HTTP/1.1" 200 None
2023-02-04 13:05:47,775 DEBUG Request-UUID b8a486e360e207fae9e00261b39c97e3 for https://cloud.tenable.com/scanners/1/agents/16920983
2023-02-04 13:05:47,775 DEBUG {"method": "GET", "url": "https://cloud.tenable.com/scanners/1/agents/45995367", "params": {}, "body": {}}
2023-02-04 13:05:51,743 DEBUG https://cloud.tenable.com:443 "GET /scanners/1/agents/45995367 HTTP/1.1" 200 None
2023-02-04 13:05:51,744 DEBUG Request-UUID e9b747e76be87555e8992141c718d78c for https://cloud.tenable.com/scanners/1/agents/45995367
2023-02-04 13:05:51,744 DEBUG {"method": "GET", "url": "https://cloud.tenable.com/scanners/1/agents/49509744", "params": {}, "body": {}}
2023-02-04 13:05:55,862 DEBUG https://cloud.tenable.com:443 "GET /scanners/1/agents/49509744 HTTP/1.1" 200 None
2023-02-04 13:05:55,863 DEBUG Request-UUID 632990adfce3d25f070f4db364189649 for https://cloud.tenable.com/scanners/1/agents/49509744
2023-02-04 13:05:55,863 DEBUG {"method": "GET", "url": "https://cloud.tenable.com/scanners/1/agents/16923459", "params": {}, "body": {}}
2023-02-04 13:05:59,754 DEBUG https://cloud.tenable.com:443 "GET /scanners/1/agents/16923459 HTTP/1.1" 200 None
2023-02-04 13:05:59,755 DEBUG Request-UUID 162bef8ed8d7fbc8b9a490e800d1d22d for https://cloud.tenable.com/scanners/1/agents/16923459
2023-02-04 13:05:59,755 DEBUG {"method": "GET", "url": "https://cloud.tenable.com/scanners/1/agents/103918084", "params": {}, "body": {}}
2023-02-04 13:06:03,831 DEBUG https://cloud.tenable.com:443 "GET /scanners/1/agents/103918084 HTTP/1.1" 200 None
2023-02-04 13:06:03,833 DEBUG Request-UUID f73f64052134de3f832f2fbbc130bcb9 for https://cloud.tenable.com/scanners/1/agents/103918084
2023-02-04 13:06:03,833 DEBUG {"method": "GET", "url": "https://cloud.tenable.com/scanners/1/agents/53959992", "params": {}, "body": {}}
2023-02-04 13:06:07,773 DEBUG https://cloud.tenable.com:443 "GET /scanners/1/agents/53959992 HTTP/1.1" 200 None
2023-02-04 13:06:07,774 DEBUG Request-UUID 7644117cfb5532e941a05705345f99f3 for https://cloud.tenable.com/scanners/1/agents/53959992
2023-02-04 13:06:07,775 DEBUG {"method": "GET", "url": "https://cloud.tenable.com/scanners/1/agents/48061475", "params": {}, "body": {}}
2023-02-04 13:06:11,744 DEBUG https://cloud.tenable.com:443 "GET /scanners/1/agents/48061475 HTTP/1.1" 200 None
2023-02-04 13:06:11,745 DEBUG Request-UUID cac588a69d3436afcbcfc8e7e88b720d for https://cloud.tenable.com/scanners/1/agents/48061475
2023-02-04 13:06:11,746 DEBUG {"method": "GET", "url": "https://cloud.tenable.com/scanners/1/agents/16922800", "params": {}, "body": {}}
2023-02-04 13:06:15,829 DEBUG https://cloud.tenable.com:443 "GET /scanners/1/agents/16922800 HTTP/1.1" 200 None
2023-02-04 13:06:15,830 DEBUG Request-UUID 1392d1fc238641a5877e30500ba8a0f3 for https://cloud.tenable.com/scanners/1/agents/16922800
2023-02-04 13:06:15,831 DEBUG {"method": "GET", "url": "https://cloud.tenable.com/scanners/1/agents/99476108", "params": {}, "body": {}}
2023-02-04 13:06:19,823 DEBUG https://cloud.tenable.com:443 "GET /scanners/1/agents/99476108 HTTP/1.1" 200 None
2023-02-04 13:06:19,824 DEBUG Request-UUID 5828af534b6c59cf24f3b281cbd22db7 for https://cloud.tenable.com/scanners/1/agents/99476108
2023-02-04 13:06:19,825 DEBUG {"method": "GET", "url": "https://cloud.tenable.com/scanners/1/agents/100748110", "params": {}, "body": {}}
2023-02-04 13:06:23,722 DEBUG https://cloud.tenable.com:443 "GET /scanners/1/agents/100748110 HTTP/1.1" 200 None
2023-02-04 13:06:23,724 DEBUG Request-UUID 77cd97f14c933e472ead5596972b0247 for https://cloud.tenable.com/scanners/1/agents/100748110
2023-02-04 13:06:23,724 DEBUG {"method": "GET", "url": "https://cloud.tenable.com/scanners/1/agents/16898600", "params": {}, "body": {}}
2023-02-04 13:06:27,738 DEBUG https://cloud.tenable.com:443 "GET /scanners/1/agents/16898600 HTTP/1.1" 200 None
2023-02-04 13:06:27,739 DEBUG Request-UUID 144ae1b55cc97a7a88d41ba3de1fae13 for https://cloud.tenable.com/scanners/1/agents/16898600
2023-02-04 13:06:27,740 DEBUG {"method": "GET", "url": "https://cloud.tenable.com/scanners/1/agents/103996102", "params": {}, "body": {}}
2023-02-04 13:06:31,842 DEBUG https://cloud.tenable.com:443 "GET /scanners/1/agents/103996102 HTTP/1.1" 200 None
2023-02-04 13:06:31,843 DEBUG Request-UUID f3a4811aa43d2a00e3734adccf4ac4c0 for https://cloud.tenable.com/scanners/1/agents/103996102
2023-02-04 13:06:31,844 DEBUG {"method": "GET", "url": "https://cloud.tenable.com/scanners/1/agents/53961029", "params": {}, "body": {}}
2023-02-04 13:06:35,736 DEBUG https://cloud.tenable.com:443 "GET /scanners/1/agents/53961029 HTTP/1.1" 200 None
2023-02-04 13:06:35,737 DEBUG Request-UUID b3953544695617d56048d9e8635cdc98 for https://cloud.tenable.com/scanners/1/agents/53961029
2023-02-04 13:06:35,738 DEBUG {"method": "GET", "url": "https://cloud.tenable.com/scanners/1/agents/45989208", "params": {}, "body": {}}
2023-02-04 13:06:39,791 DEBUG https://cloud.tenable.com:443 "GET /scanners/1/agents/45989208 HTTP/1.1" 200 None
2023-02-04 13:06:39,793 DEBUG Request-UUID 4304e3fc082f832bd315d933cf7cbfed for https://cloud.tenable.com/scanners/1/agents/45989208
2023-02-04 13:06:39,793 DEBUG {"method": "GET", "url": "https://cloud.tenable.com/scanners/1/agents/100065864", "params": {}, "body": {}}
2023-02-04 13:06:43,787 DEBUG https://cloud.tenable.com:443 "GET /scanners/1/agents/100065864 HTTP/1.1" 200 None
2023-02-04 13:06:43,788 DEBUG Request-UUID 14228f9c853babf99a29a08c71c4c23f for https://cloud.tenable.com/scanners/1/agents/100065864
2023-02-04 13:06:43,788 DEBUG {"method": "GET", "url": "https://cloud.tenable.com/scanners/1/agents/103918061", "params": {}, "body": {}}
2023-02-04 13:06:47,777 DEBUG https://cloud.tenable.com:443 "GET /scanners/1/agents/103918061 HTTP/1.1" 200 None
2023-02-04 13:06:47,779 DEBUG Request-UUID c6c8ab9fce4588c34550c8576cc8c9ad for https://cloud.tenable.com/scanners/1/agents/103918061
2023-02-04 13:06:47,779 DEBUG {"method": "GET", "url": "https://cloud.tenable.com/scanners/1/agents/103918057", "params": {}, "body": {}}
2023-02-04 13:06:51,757 DEBUG https://cloud.tenable.com:443 "GET /scanners/1/agents/103918057 HTTP/1.1" 200 None
2023-02-04 13:06:51,758 DEBUG Request-UUID 8049e6a6a41125733e7ede0d7524e6dd for https://cloud.tenable.com/scanners/1/agents/103918057
2023-02-04 13:06:51,759 DEBUG {"method": "GET", "url": "https://cloud.tenable.com/scanners/1/agents/57136109", "params": {}, "body": {}}
2023-02-04 13:06:55,865 DEBUG https://cloud.tenable.com:443 "GET /scanners/1/agents/57136109 HTTP/1.1" 200 None
2023-02-04 13:06:55,866 DEBUG Request-UUID b987b6a6f958072ec8aafed8932a7a64 for https://cloud.tenable.com/scanners/1/agents/57136109
2023-02-04 13:06:55,867 DEBUG {"method": "GET", "url": "https://cloud.tenable.com/scanners/1/agents/45965538", "params": {}, "body": {}}
2023-02-04 13:06:59,861 DEBUG https://cloud.tenable.com:443 "GET /scanners/1/agents/45965538 HTTP/1.1" 200 None
2023-02-04 13:06:59,862 DEBUG Request-UUID e9d8119779d972ef0082645740aa8bc2 for https://cloud.tenable.com/scanners/1/agents/45965538
2023-02-04 13:06:59,862 DEBUG {"method": "GET", "url": "https://cloud.tenable.com/scanners/1/agents/100067172", "params": {}, "body": {}}
2023-02-04 13:07:03,854 DEBUG https://cloud.tenable.com:443 "GET /scanners/1/agents/100067172 HTTP/1.1" 200 None
2023-02-04 13:07:03,855 DEBUG Request-UUID d06deb602b1ce39730b813decd6d36bb for https://cloud.tenable.com/scanners/1/agents/100067172
2023-02-04 13:07:03,856 DEBUG {"method": "GET", "url": "https://cloud.tenable.com/scanners/1/agents/45970364", "params": {}, "body": {}}
2023-02-04 13:07:07,755 DEBUG https://cloud.tenable.com:443 "GET /scanners/1/agents/45970364 HTTP/1.1" 200 None
2023-02-04 13:07:07,757 DEBUG Request-UUID 0e5b344f91f1a8e844e0bcb2bb4d7b67 for https://cloud.tenable.com/scanners/1/agents/45970364
2023-02-04 13:07:07,757 DEBUG {"method": "GET", "url": "https://cloud.tenable.com/scanners/1/agents/45973891", "params": {}, "body": {}}
2023-02-04 13:07:11,771 DEBUG https://cloud.tenable.com:443 "GET /scanners/1/agents/45973891 HTTP/1.1" 200 None
2023-02-04 13:07:11,772 DEBUG Request-UUID 9312ed092619c091156ee7125a7a8d48 for https://cloud.tenable.com/scanners/1/agents/45973891
2023-02-04 13:07:11,772 DEBUG {"method": "GET", "url": "https://cloud.tenable.com/scanners/1/agents/82843008", "params": {}, "body": {}}
2023-02-04 13:07:15,714 DEBUG https://cloud.tenable.com:443 "GET /scanners/1/agents/82843008 HTTP/1.1" 200 None
2023-02-04 13:07:15,715 DEBUG Request-UUID f0f470f4e0c00a94bc15503150097bbd for https://cloud.tenable.com/scanners/1/agents/82843008
2023-02-04 13:07:15,715 DEBUG {"method": "GET", "url": "https://cloud.tenable.com/scanners/1/agents/106118308", "params": {}, "body": {}}
2023-02-04 13:07:19,825 DEBUG https://cloud.tenable.com:443 "GET /scanners/1/agents/106118308 HTTP/1.1" 200 None
2023-02-04 13:07:19,826 DEBUG Request-UUID 8981b1fa565d851e3d497048c064fb07 for https://cloud.tenable.com/scanners/1/agents/106118308
2023-02-04 13:07:19,826 DEBUG {"method": "GET", "url": "https://cloud.tenable.com/scanners/1/agents/106118768", "params": {}, "body": {}}
2023-02-04 13:07:23,720 DEBUG https://cloud.tenable.com:443 "GET /scanners/1/agents/106118768 HTTP/1.1" 200 None
2023-02-04 13:07:23,722 DEBUG Request-UUID 10fc5639e7e0a96b93dd093a70c9baee for https://cloud.tenable.com/scanners/1/agents/106118768
2023-02-04 13:07:23,722 DEBUG {"method": "GET", "url": "https://cloud.tenable.com/scanners/1/agents/104076747", "params": {}, "body": {}}
2023-02-04 13:07:28,075 DEBUG https://cloud.tenable.com:443 "GET /scanners/1/agents/104076747 HTTP/1.1" 200 None
2023-02-04 13:07:28,076 DEBUG Request-UUID c22fd0aef89da601b2c77cfb686d6aa2 for https://cloud.tenable.com/scanners/1/agents/104076747
2023-02-04 13:07:28,077 DEBUG {"method": "GET", "url": "https://cloud.tenable.com/scanners/1/agents/103918060", "params": {}, "body": {}}
2023-02-04 13:07:31,724 DEBUG https://cloud.tenable.com:443 "GET /scanners/1/agents/103918060 HTTP/1.1" 200 None
2023-02-04 13:07:31,725 DEBUG Request-UUID e0679dc904d62f782330592bd271532e for https://cloud.tenable.com/scanners/1/agents/103918060
2023-02-04 13:07:31,725 DEBUG {"method": "GET", "url": "https://cloud.tenable.com/scanners/1/agents/103918058", "params": {}, "body": {}}
2023-02-04 13:07:35,802 DEBUG https://cloud.tenable.com:443 "GET /scanners/1/agents/103918058 HTTP/1.1" 200 None
2023-02-04 13:07:35,803 DEBUG Request-UUID 2868f69db82916254b1fe71a940741cf for https://cloud.tenable.com/scanners/1/agents/103918058
2023-02-04 13:07:35,804 DEBUG {"method": "GET", "url": "https://cloud.tenable.com/scanners/1/agents/96427285", "params": {}, "body": {}}
2023-02-04 13:07:39,794 DEBUG https://cloud.tenable.com:443 "GET /scanners/1/agents/96427285 HTTP/1.1" 200 None
2023-02-04 13:07:39,796 DEBUG Request-UUID 31b26d141d4a19eb4461dbc647cf21e6 for https://cloud.tenable.com/scanners/1/agents/96427285
2023-02-04 13:07:39,796 DEBUG {"method": "GET", "url": "https://cloud.tenable.com/scanners/1/agents/56578004", "params": {}, "body": {}}
2023-02-04 13:07:43,788 DEBUG https://cloud.tenable.com:443 "GET /scanners/1/agents/56578004 HTTP/1.1" 200 None
2023-02-04 13:07:43,789 DEBUG Request-UUID 3878d30f0048926891fc8d5d6d455b1f for https://cloud.tenable.com/scanners/1/agents/56578004
2023-02-04 13:07:43,790 DEBUG {"method": "GET", "url": "https://cloud.tenable.com/scanners/1/agents/102983579", "params": {}, "body": {}}
2023-02-04 13:07:47,828 DEBUG https://cloud.tenable.com:443 "GET /scanners/1/agents/102983579 HTTP/1.1" 200 None
2023-02-04 13:07:47,829 DEBUG Request-UUID 641be5c98c3ee6b14a5aeb731ab96178 for https://cloud.tenable.com/scanners/1/agents/102983579
2023-02-04 13:07:47,830 DEBUG {"method": "GET", "url": "https://cloud.tenable.com/scanners/1/agents/83593230", "params": {}, "body": {}}
2023-02-04 13:07:51,796 DEBUG https://cloud.tenable.com:443 "GET /scanners/1/agents/83593230 HTTP/1.1" 200 None
2023-02-04 13:07:51,798 DEBUG Request-UUID d4eef5297d8b16999b3b46df281ca03b for https://cloud.tenable.com/scanners/1/agents/83593230
2023-02-04 13:07:51,798 DEBUG {"method": "GET", "url": "https://cloud.tenable.com/scanners/1/agents/56092301", "params": {}, "body": {}}
2023-02-04 13:07:55,870 DEBUG https://cloud.tenable.com:443 "GET /scanners/1/agents/56092301 HTTP/1.1" 200 None
2023-02-04 13:07:55,872 DEBUG Request-UUID 86428cc48a9a301b63cee305175552d5 for https://cloud.tenable.com/scanners/1/agents/56092301
2023-02-04 13:07:55,872 DEBUG {"method": "GET", "url": "https://cloud.tenable.com/scanners/1/agents/16920163", "params": {}, "body": {}}
2023-02-04 13:07:59,805 DEBUG https://cloud.tenable.com:443 "GET /scanners/1/agents/16920163 HTTP/1.1" 200 None
2023-02-04 13:07:59,806 DEBUG Request-UUID 99b9750ac0858378ba3e68f791b20bbb for https://cloud.tenable.com/scanners/1/agents/16920163
2023-02-04 13:07:59,807 DEBUG {"method": "GET", "url": "https://cloud.tenable.com/scanners/1/agents/45965527", "params": {}, "body": {}}
2023-02-04 13:08:03,854 DEBUG https://cloud.tenable.com:443 "GET /scanners/1/agents/45965527 HTTP/1.1" 200 None
2023-02-04 13:08:03,855 DEBUG Request-UUID bc25e240e1c02ab3af3df997e14f38c6 for https://cloud.tenable.com/scanners/1/agents/45965527
2023-02-04 13:08:03,856 DEBUG {"method": "GET", "url": "https://cloud.tenable.com/scanners/1/agents/16922516", "params": {}, "body": {}}
2023-02-04 13:08:07,852 DEBUG https://cloud.tenable.com:443 "GET /scanners/1/agents/16922516 HTTP/1.1" 200 None
2023-02-04 13:08:07,854 DEBUG Request-UUID 0b64159d98112455e857f2a39c910b2d for https://cloud.tenable.com/scanners/1/agents/16922516
2023-02-04 13:08:07,854 DEBUG {"method": "GET", "url": "https://cloud.tenable.com/scanners/1/agents/16920170", "params": {}, "body": {}}
2023-02-04 13:08:11,845 DEBUG https://cloud.tenable.com:443 "GET /scanners/1/agents/16920170 HTTP/1.1" 200 None
2023-02-04 13:08:11,846 DEBUG Request-UUID c99c36c3bd88991b48451610ab64b115 for https://cloud.tenable.com/scanners/1/agents/16920170
2023-02-04 13:08:11,846 DEBUG {"method": "GET", "url": "https://cloud.tenable.com/scanners/1/agents/16923042", "params": {}, "body": {}}
2023-02-04 13:08:15,842 DEBUG https://cloud.tenable.com:443 "GET /scanners/1/agents/16923042 HTTP/1.1" 200 None
2023-02-04 13:08:15,843 DEBUG Request-UUID e3acc742b8441c675cec7afdbbc87e5e for https://cloud.tenable.com/scanners/1/agents/16923042
2023-02-04 13:08:15,843 DEBUG {"method": "GET", "url": "https://cloud.tenable.com/scanners/1/agents/45970376", "params": {}, "body": {}}
2023-02-04 13:08:19,831 DEBUG https://cloud.tenable.com:443 "GET /scanners/1/agents/45970376 HTTP/1.1" 200 None
2023-02-04 13:08:19,833 DEBUG Request-UUID 3289a8cea70b3d2da960d3d374975ac5 for https://cloud.tenable.com/scanners/1/agents/45970376
2023-02-04 13:08:19,833 DEBUG {"method": "GET", "url": "https://cloud.tenable.com/scanners/1/agents/105127717", "params": {}, "body": {}}
2023-02-04 13:08:23,774 DEBUG https://cloud.tenable.com:443 "GET /scanners/1/agents/105127717 HTTP/1.1" 200 None
2023-02-04 13:08:23,776 DEBUG Request-UUID d8b1b8001434db0b06557644aac04779 for https://cloud.tenable.com/scanners/1/agents/105127717
2023-02-04 13:08:23,776 DEBUG {"method": "GET", "url": "https://cloud.tenable.com/scanners/1/agents/16898485", "params": {}, "body": {}}
2023-02-04 13:08:27,770 DEBUG https://cloud.tenable.com:443 "GET /scanners/1/agents/16898485 HTTP/1.1" 200 None
2023-02-04 13:08:27,771 DEBUG Request-UUID a3155b0a0353a6948f245a16652d5d28 for https://cloud.tenable.com/scanners/1/agents/16898485
2023-02-04 13:08:27,771 DEBUG {"method": "GET", "url": "https://cloud.tenable.com/scanners/1/agents/16899526", "params": {}, "body": {}}
2023-02-04 13:08:32,119 DEBUG https://cloud.tenable.com:443 "GET /scanners/1/agents/16899526 HTTP/1.1" 200 None
2023-02-04 13:08:32,120 DEBUG Request-UUID 1d41c17a893ff114ef32fffa2187c996 for https://cloud.tenable.com/scanners/1/agents/16899526
2023-02-04 13:08:32,121 DEBUG {"method": "GET", "url": "https://cloud.tenable.com/scanners/1/agents/16899683", "params": {}, "body": {}}
2023-02-04 13:08:35,908 DEBUG https://cloud.tenable.com:443 "GET /scanners/1/agents/16899683 HTTP/1.1" 200 None
2023-02-04 13:08:35,909 DEBUG Request-UUID 2e6d8809f78a11e9dab1e02c410a79b4 for https://cloud.tenable.com/scanners/1/agents/16899683
2023-02-04 13:08:35,910 DEBUG {"method": "GET", "url": "https://cloud.tenable.com/scanners/1/agents/99956165", "params": {}, "body": {}}
2023-02-04 13:08:39,774 DEBUG https://cloud.tenable.com:443 "GET /scanners/1/agents/99956165 HTTP/1.1" 200 None
2023-02-04 13:08:39,776 DEBUG Request-UUID 1ab8bb6833bb023fc1587286d48c38ab for https://cloud.tenable.com/scanners/1/agents/99956165
2023-02-04 13:08:39,776 DEBUG {"method": "GET", "url": "https://cloud.tenable.com/scanners/1/agents/16899566", "params": {}, "body": {}}
2023-02-04 13:08:43,891 DEBUG https://cloud.tenable.com:443 "GET /scanners/1/agents/16899566 HTTP/1.1" 200 None
2023-02-04 13:08:43,893 DEBUG Request-UUID 47f83e642d05982b5eab5ac11c621aa2 for https://cloud.tenable.com/scanners/1/agents/16899566
2023-02-04 13:08:43,893 DEBUG {"method": "GET", "url": "https://cloud.tenable.com/scanners/1/agents/51563638", "params": {}, "body": {}}
2023-02-04 13:08:47,887 DEBUG https://cloud.tenable.com:443 "GET /scanners/1/agents/51563638 HTTP/1.1" 200 None
2023-02-04 13:08:47,888 DEBUG Request-UUID 89ce271dcce40214e32d4d0b47db73a2 for https://cloud.tenable.com/scanners/1/agents/51563638
2023-02-04 13:08:47,888 DEBUG {"method": "GET", "url": "https://cloud.tenable.com/scanners/1/agents/105014579", "params": {}, "body": {}}
2023-02-04 13:08:51,828 DEBUG https://cloud.tenable.com:443 "GET /scanners/1/agents/105014579 HTTP/1.1" 200 None
2023-02-04 13:08:51,829 DEBUG Request-UUID 20ac08b6bf5ba1094e509f634482da1f for https://cloud.tenable.com/scanners/1/agents/105014579
2023-02-04 13:08:51,829 DEBUG {"method": "GET", "url": "https://cloud.tenable.com/scanners/1/agents/45970368", "params": {}, "body": {}}
2023-02-04 13:08:55,776 DEBUG https://cloud.tenable.com:443 "GET /scanners/1/agents/45970368 HTTP/1.1" 200 None
2023-02-04 13:08:55,777 DEBUG Request-UUID 296f6f5da6bfbcb7e9b8a0a888bfb27b for https://cloud.tenable.com/scanners/1/agents/45970368
2023-02-04 13:08:55,777 DEBUG {"method": "GET", "url": "https://cloud.tenable.com/scanners/1/agents/100069720", "params": {}, "body": {}}
2023-02-04 13:08:59,868 DEBUG https://cloud.tenable.com:443 "GET /scanners/1/agents/100069720 HTTP/1.1" 200 None
2023-02-04 13:08:59,870 DEBUG Request-UUID c3c93d5249d748af39bd439c1a90d6f9 for https://cloud.tenable.com/scanners/1/agents/100069720
2023-02-04 13:08:59,870 DEBUG {"method": "GET", "url": "https://cloud.tenable.com/scanners/1/agents/16925500", "params": {}, "body": {}}
2023-02-04 13:10:27,804 DEBUG {"method": "GET", "url": "https://cloud.tenable.com/filters/scans/agents", "params": {}, "body": {}}
2023-02-04 13:10:27,810 DEBUG Starting new HTTPS connection (1): cloud.tenable.com:443
2023-02-04 13:10:28,178 DEBUG https://cloud.tenable.com:443 "GET /filters/scans/agents HTTP/1.1" 200 None
2023-02-04 13:10:28,180 DEBUG Request-UUID 53e94b0354b7e3037d4b34fac1cf06eb for https://cloud.tenable.com/filters/scans/agents
2023-02-04 13:10:28,180 ERROR filter_value has value of ['256114'].  Expected one of -1,179743,179777,181371,181372,181373,181374,181375,181376,181377,181398,195591,196368,262875,265114,270758,273133
2023-02-04 13:10:50,104 DEBUG {"method": "GET", "url": "https://cloud.tenable.com/filters/scans/agents", "params": {}, "body": {}}
2023-02-04 13:10:50,110 DEBUG Starting new HTTPS connection (1): cloud.tenable.com:443
2023-02-04 13:10:50,492 DEBUG https://cloud.tenable.com:443 "GET /filters/scans/agents HTTP/1.1" 200 None
2023-02-04 13:10:50,494 DEBUG Request-UUID f66f72ceed1456ec65a9d904339d363b for https://cloud.tenable.com/filters/scans/agents
2023-02-04 13:10:50,494 DEBUG {"method": "GET", "url": "https://cloud.tenable.com/scanners/1/agents", "params": {"f": ["groups:eq:265114"], "limit": 50, "offset": 0}, "body": {}}
2023-02-04 13:10:50,739 DEBUG https://cloud.tenable.com:443 "GET /scanners/1/agents?f=groups%3Aeq%3A265114&limit=50&offset=0 HTTP/1.1" 200 99
2023-02-04 13:10:50,740 DEBUG Request-UUID 0e8a431dddaef134c154a7e97cb8157b for https://cloud.tenable.com/scanners/1/agents
2023-02-04 13:15:23,452 DEBUG {"method": "GET", "url": "https://cloud.tenable.com/filters/scans/agents", "params": {}, "body": {}}
2023-02-04 13:15:23,459 DEBUG Starting new HTTPS connection (1): cloud.tenable.com:443
2023-02-04 13:15:23,805 DEBUG https://cloud.tenable.com:443 "GET /filters/scans/agents HTTP/1.1" 200 None
2023-02-04 13:15:23,807 DEBUG Request-UUID 4f277ce3c23714f15317fe52d2b08ec2 for https://cloud.tenable.com/filters/scans/agents
2023-02-04 13:15:23,807 DEBUG {"method": "GET", "url": "https://cloud.tenable.com/scanners/1/agents", "params": {"f": ["groups:eq:265114"], "limit": 50, "offset": 0}, "body": {}}
2023-02-04 13:15:24,031 DEBUG https://cloud.tenable.com:443 "GET /scanners/1/agents?f=groups%3Aeq%3A265114&limit=50&offset=0 HTTP/1.1" 200 99
2023-02-04 13:15:24,032 DEBUG Request-UUID 7c6409edd3eb229a344c539f30beef4c for https://cloud.tenable.com/scanners/1/agents
2023-02-04 13:18:08,830 DEBUG {"method": "GET", "url": "https://cloud.tenable.com/filters/scans/agents", "params": {}, "body": {}}
2023-02-04 13:18:08,836 DEBUG Starting new HTTPS connection (1): cloud.tenable.com:443
2023-02-04 13:18:09,244 DEBUG https://cloud.tenable.com:443 "GET /filters/scans/agents HTTP/1.1" 200 None
2023-02-04 13:18:09,246 DEBUG Request-UUID 54e94a8d2b35e33a3027fe1e900344d7 for https://cloud.tenable.com/filters/scans/agents
2023-02-04 13:18:09,247 DEBUG {"method": "GET", "url": "https://cloud.tenable.com/scanners/1/agents", "params": {"f": ["groups:neq:265114"], "limit": 50, "offset": 0}, "body": {}}
2023-02-04 13:18:09,527 DEBUG https://cloud.tenable.com:443 "GET /scanners/1/agents?f=groups%3Aneq%3A265114&limit=50&offset=0 HTTP/1.1" 200 None
2023-02-04 13:18:09,528 DEBUG Request-UUID 2efd76a34977dd6cf019f11ee8881f54 for https://cloud.tenable.com/scanners/1/agents
2023-02-04 13:18:09,529 DEBUG {"method": "GET", "url": "https://cloud.tenable.com/scanners/1/agents", "params": {"f": ["groups:neq:265114"], "limit": 50, "offset": 50}, "body": {}}
2023-02-04 13:18:13,622 DEBUG https://cloud.tenable.com:443 "GET /scanners/1/agents?f=groups%3Aneq%3A265114&limit=50&offset=50 HTTP/1.1" 200 None
2023-02-04 13:18:13,623 DEBUG Request-UUID 46394be47e5b6be2684b76be22e07c3b for https://cloud.tenable.com/scanners/1/agents
2023-02-04 13:18:13,624 DEBUG {"method": "GET", "url": "https://cloud.tenable.com/scanners/1/agents", "params": {"f": ["groups:neq:265114"], "limit": 50, "offset": 100}, "body": {}}
2023-02-04 13:18:17,620 DEBUG https://cloud.tenable.com:443 "GET /scanners/1/agents?f=groups%3Aneq%3A265114&limit=50&offset=100 HTTP/1.1" 200 None
2023-02-04 13:18:17,621 DEBUG Request-UUID 648d95098ccdcdc68184d9ab268034d6 for https://cloud.tenable.com/scanners/1/agents
2023-02-04 13:18:17,622 DEBUG {"method": "GET", "url": "https://cloud.tenable.com/scanners/1/agents", "params": {"f": ["groups:neq:265114"], "limit": 50, "offset": 150}, "body": {}}
2023-02-04 13:18:21,667 DEBUG https://cloud.tenable.com:443 "GET /scanners/1/agents?f=groups%3Aneq%3A265114&limit=50&offset=150 HTTP/1.1" 200 None
2023-02-04 13:18:21,668 DEBUG Request-UUID 7f43cb7ebfccff5eb19aec144e044387 for https://cloud.tenable.com/scanners/1/agents
2023-02-04 13:18:21,669 DEBUG {"method": "GET", "url": "https://cloud.tenable.com/scanners/1/agents/103920421", "params": {}, "body": {}}
2023-02-04 13:18:26,889 DEBUG https://cloud.tenable.com:443 "GET /scanners/1/agents/103920421 HTTP/1.1" 200 None
2023-02-04 13:18:26,890 DEBUG Request-UUID ba0d3195da8f93d6819e21b782180eb7 for https://cloud.tenable.com/scanners/1/agents/103920421
2023-02-04 13:18:26,891 DEBUG {"method": "GET", "url": "https://cloud.tenable.com/scanners/1/agents/103918090", "params": {}, "body": {}}
2023-02-04 13:18:30,840 DEBUG https://cloud.tenable.com:443 "GET /scanners/1/agents/103918090 HTTP/1.1" 200 None
2023-02-04 13:18:30,842 DEBUG Request-UUID 9c8fbb7085b76b26021227cbd54b32d4 for https://cloud.tenable.com/scanners/1/agents/103918090
2023-02-04 13:18:30,842 DEBUG {"method": "GET", "url": "https://cloud.tenable.com/scanners/1/agents/102871790", "params": {}, "body": {}}
2023-02-04 13:18:34,788 DEBUG https://cloud.tenable.com:443 "GET /scanners/1/agents/102871790 HTTP/1.1" 200 None
2023-02-04 13:18:34,790 DEBUG Request-UUID 022e87e3ebdb83dccf024b414c716ab4 for https://cloud.tenable.com/scanners/1/agents/102871790
2023-02-04 13:18:34,790 DEBUG {"method": "GET", "url": "https://cloud.tenable.com/scanners/1/agents/17302931", "params": {}, "body": {}}
2023-02-04 13:18:38,820 DEBUG https://cloud.tenable.com:443 "GET /scanners/1/agents/17302931 HTTP/1.1" 200 None
2023-02-04 13:18:38,821 DEBUG Request-UUID 44b52f3a981b325a0ddb7866975c99f1 for https://cloud.tenable.com/scanners/1/agents/17302931
2023-02-04 13:18:38,821 DEBUG {"method": "GET", "url": "https://cloud.tenable.com/scanners/1/agents/17304432", "params": {}, "body": {}}
2023-02-04 13:18:42,824 DEBUG https://cloud.tenable.com:443 "GET /scanners/1/agents/17304432 HTTP/1.1" 200 None
2023-02-04 13:18:42,826 DEBUG Request-UUID 43348444eb44ee578f978aa0fa7bdfab for https://cloud.tenable.com/scanners/1/agents/17304432
2023-02-04 13:18:42,826 DEBUG {"method": "GET", "url": "https://cloud.tenable.com/scanners/1/agents/45984770", "params": {}, "body": {}}
2023-02-04 13:18:46,788 DEBUG https://cloud.tenable.com:443 "GET /scanners/1/agents/45984770 HTTP/1.1" 200 None
2023-02-04 13:18:46,790 DEBUG Request-UUID 3c587f6bc98413ebbe701e5c252e9bf8 for https://cloud.tenable.com/scanners/1/agents/45984770
2023-02-04 13:18:46,790 DEBUG {"method": "GET", "url": "https://cloud.tenable.com/scanners/1/agents/45987875", "params": {}, "body": {}}
2023-02-04 13:18:50,832 DEBUG https://cloud.tenable.com:443 "GET /scanners/1/agents/45987875 HTTP/1.1" 200 None
2023-02-04 13:18:50,833 DEBUG Request-UUID 4ffa2d58dbcd8a25a7f5a425e258c09c for https://cloud.tenable.com/scanners/1/agents/45987875
2023-02-04 13:18:50,833 DEBUG {"method": "GET", "url": "https://cloud.tenable.com/scanners/1/agents/17305109", "params": {}, "body": {}}
2023-02-04 13:18:54,946 DEBUG https://cloud.tenable.com:443 "GET /scanners/1/agents/17305109 HTTP/1.1" 200 None
2023-02-04 13:18:54,947 DEBUG Request-UUID 8e36cbd92bc1e6aca7c8e729d2993099 for https://cloud.tenable.com/scanners/1/agents/17305109
2023-02-04 13:18:54,947 DEBUG {"method": "GET", "url": "https://cloud.tenable.com/scanners/1/agents/17304848", "params": {}, "body": {}}
2023-02-04 13:18:58,939 DEBUG https://cloud.tenable.com:443 "GET /scanners/1/agents/17304848 HTTP/1.1" 200 None
2023-02-04 13:18:58,941 DEBUG Request-UUID 0877e20310ac0df7a96055b3803e9426 for https://cloud.tenable.com/scanners/1/agents/17304848
2023-02-04 13:18:58,941 DEBUG {"method": "GET", "url": "https://cloud.tenable.com/scanners/1/agents/17304862", "params": {}, "body": {}}
2023-02-04 13:19:02,933 DEBUG https://cloud.tenable.com:443 "GET /scanners/1/agents/17304862 HTTP/1.1" 200 None
2023-02-04 13:19:02,935 DEBUG Request-UUID be39517f8c629ce3a559d459f5c838a0 for https://cloud.tenable.com/scanners/1/agents/17304862
2023-02-04 13:19:02,935 DEBUG {"method": "GET", "url": "https://cloud.tenable.com/scanners/1/agents/17304864", "params": {}, "body": {}}
2023-02-04 13:19:07,030 DEBUG https://cloud.tenable.com:443 "GET /scanners/1/agents/17304864 HTTP/1.1" 200 None
2023-02-04 13:19:07,031 DEBUG Request-UUID 6b2da28fcab0ecd43755afbe9f65ed15 for https://cloud.tenable.com/scanners/1/agents/17304864
2023-02-04 13:19:07,031 DEBUG {"method": "GET", "url": "https://cloud.tenable.com/scanners/1/agents/45990818", "params": {}, "body": {}}
2023-02-04 13:19:11,737 DEBUG https://cloud.tenable.com:443 "GET /scanners/1/agents/45990818 HTTP/1.1" 200 None
2023-02-04 13:19:11,738 DEBUG Request-UUID 9e94ac5d3face1a7de0d77d011a44141 for https://cloud.tenable.com/scanners/1/agents/45990818
2023-02-04 13:19:11,739 DEBUG {"method": "GET", "url": "https://cloud.tenable.com/scanners/1/agents/45984768", "params": {}, "body": {}}
2023-02-04 13:19:14,898 DEBUG https://cloud.tenable.com:443 "GET /scanners/1/agents/45984768 HTTP/1.1" 200 None
2023-02-04 13:19:14,900 DEBUG Request-UUID d93653d159008666e534faed53b1181a for https://cloud.tenable.com/scanners/1/agents/45984768
2023-02-04 13:19:14,900 DEBUG {"method": "GET", "url": "https://cloud.tenable.com/scanners/1/agents/45984773", "params": {}, "body": {}}
2023-02-04 13:19:19,003 DEBUG https://cloud.tenable.com:443 "GET /scanners/1/agents/45984773 HTTP/1.1" 200 None
2023-02-04 13:19:19,004 DEBUG Request-UUID fd3bd1f56e14e569213ed3adb097759e for https://cloud.tenable.com/scanners/1/agents/45984773
2023-02-04 13:19:19,004 DEBUG {"method": "GET", "url": "https://cloud.tenable.com/scanners/1/agents/45984778", "params": {}, "body": {}}
2023-02-04 13:19:23,281 DEBUG https://cloud.tenable.com:443 "GET /scanners/1/agents/45984778 HTTP/1.1" 200 None
2023-02-04 13:19:23,283 DEBUG Request-UUID 3647f9fc918b1fdf3c642f7790ef8a26 for https://cloud.tenable.com/scanners/1/agents/45984778
2023-02-04 13:19:23,283 DEBUG {"method": "GET", "url": "https://cloud.tenable.com/scanners/1/agents/99916278", "params": {}, "body": {}}
2023-02-04 13:19:26,908 DEBUG https://cloud.tenable.com:443 "GET /scanners/1/agents/99916278 HTTP/1.1" 200 None
2023-02-04 13:19:26,910 DEBUG Request-UUID 739d89e5a92ad74dda993bb3f914026e for https://cloud.tenable.com/scanners/1/agents/99916278
2023-02-04 13:19:26,910 DEBUG {"method": "GET", "url": "https://cloud.tenable.com/scanners/1/agents/16704694", "params": {}, "body": {}}
2023-02-04 13:19:30,893 DEBUG https://cloud.tenable.com:443 "GET /scanners/1/agents/16704694 HTTP/1.1" 200 None
2023-02-04 13:19:30,894 DEBUG Request-UUID f9c5876fb1d51acc69b24460e7170003 for https://cloud.tenable.com/scanners/1/agents/16704694
2023-02-04 13:19:30,894 DEBUG {"method": "GET", "url": "https://cloud.tenable.com/scanners/1/agents/16714784", "params": {}, "body": {}}
2023-02-04 13:19:35,289 DEBUG https://cloud.tenable.com:443 "GET /scanners/1/agents/16714784 HTTP/1.1" 200 None
2023-02-04 13:19:35,291 DEBUG Request-UUID a17d6239aaf606fa8d3e72e6f7f57918 for https://cloud.tenable.com/scanners/1/agents/16714784
2023-02-04 13:19:35,291 DEBUG {"method": "GET", "url": "https://cloud.tenable.com/scanners/1/agents/16714788", "params": {}, "body": {}}
2023-02-04 13:19:38,854 DEBUG https://cloud.tenable.com:443 "GET /scanners/1/agents/16714788 HTTP/1.1" 200 None
2023-02-04 13:19:38,855 DEBUG Request-UUID 8dfdd5eebe114794cc0d49de0950c5d6 for https://cloud.tenable.com/scanners/1/agents/16714788
2023-02-04 13:19:38,856 DEBUG {"method": "GET", "url": "https://cloud.tenable.com/scanners/1/agents/16715221", "params": {}, "body": {}}
2023-02-04 13:19:42,937 DEBUG https://cloud.tenable.com:443 "GET /scanners/1/agents/16715221 HTTP/1.1" 200 None
2023-02-04 13:19:42,939 DEBUG Request-UUID 9eabc0c2669946be5c6ffe9d53533c2d for https://cloud.tenable.com/scanners/1/agents/16715221
2023-02-04 13:19:42,939 DEBUG {"method": "GET", "url": "https://cloud.tenable.com/scanners/1/agents/100069201", "params": {}, "body": {}}
2023-02-04 13:19:46,818 DEBUG https://cloud.tenable.com:443 "GET /scanners/1/agents/100069201 HTTP/1.1" 200 None
2023-02-04 13:19:46,820 DEBUG Request-UUID 9bbe4f047c9c8a299bf39a4c9e016197 for https://cloud.tenable.com/scanners/1/agents/100069201
2023-02-04 13:19:46,820 DEBUG {"method": "GET", "url": "https://cloud.tenable.com/scanners/1/agents/45976509", "params": {}, "body": {}}
2023-02-04 13:19:50,839 DEBUG https://cloud.tenable.com:443 "GET /scanners/1/agents/45976509 HTTP/1.1" 200 None
2023-02-04 13:19:50,841 DEBUG Request-UUID e65e69018eee9aa41b0bbff1af182f60 for https://cloud.tenable.com/scanners/1/agents/45976509
2023-02-04 13:19:50,841 DEBUG {"method": "GET", "url": "https://cloud.tenable.com/scanners/1/agents/16923022", "params": {}, "body": {}}
2023-02-04 13:19:55,052 DEBUG https://cloud.tenable.com:443 "GET /scanners/1/agents/16923022 HTTP/1.1" 200 None
2023-02-04 13:19:55,054 DEBUG Request-UUID 745a3075f0dc6fb1a66ddd28ccdb3c14 for https://cloud.tenable.com/scanners/1/agents/16923022
2023-02-04 13:19:55,054 DEBUG {"method": "GET", "url": "https://cloud.tenable.com/scanners/1/agents/100749111", "params": {}, "body": {}}
2023-02-04 13:19:59,250 DEBUG https://cloud.tenable.com:443 "GET /scanners/1/agents/100749111 HTTP/1.1" 200 None
2023-02-04 13:19:59,252 DEBUG Request-UUID 56d5bc867aa6eed38722e581dbeba69e for https://cloud.tenable.com/scanners/1/agents/100749111
2023-02-04 13:19:59,252 DEBUG {"method": "GET", "url": "https://cloud.tenable.com/scanners/1/agents/39786690", "params": {}, "body": {}}
2023-02-04 13:20:03,448 DEBUG https://cloud.tenable.com:443 "GET /scanners/1/agents/39786690 HTTP/1.1" 200 None
2023-02-04 13:20:03,449 DEBUG Request-UUID 091a40b0dfa4ef53f28a4c57b2db2e46 for https://cloud.tenable.com/scanners/1/agents/39786690
2023-02-04 13:20:03,450 DEBUG {"method": "GET", "url": "https://cloud.tenable.com/scanners/1/agents/16920246", "params": {}, "body": {}}
2023-02-04 13:20:07,136 DEBUG https://cloud.tenable.com:443 "GET /scanners/1/agents/16920246 HTTP/1.1" 200 None
2023-02-04 13:20:07,137 DEBUG Request-UUID 8a65f80431f42a7e6a9e1271f28e2707 for https://cloud.tenable.com/scanners/1/agents/16920246
2023-02-04 13:20:07,138 DEBUG {"method": "GET", "url": "https://cloud.tenable.com/scanners/1/agents/45988817", "params": {}, "body": {}}
2023-02-04 13:20:10,921 DEBUG https://cloud.tenable.com:443 "GET /scanners/1/agents/45988817 HTTP/1.1" 200 None
2023-02-04 13:20:10,922 DEBUG Request-UUID 60b0edfeb8c97d2d4925b65b82cd8733 for https://cloud.tenable.com/scanners/1/agents/45988817
2023-02-04 13:20:10,923 DEBUG {"method": "GET", "url": "https://cloud.tenable.com/scanners/1/agents/16925653", "params": {}, "body": {}}
2023-02-04 13:20:15,021 DEBUG https://cloud.tenable.com:443 "GET /scanners/1/agents/16925653 HTTP/1.1" 200 None
2023-02-04 13:20:15,022 DEBUG Request-UUID 58785145d1f5cd38a240181d3ab392f5 for https://cloud.tenable.com/scanners/1/agents/16925653
2023-02-04 13:20:15,023 DEBUG {"method": "GET", "url": "https://cloud.tenable.com/scanners/1/agents/16923160", "params": {}, "body": {}}
2023-02-04 13:20:18,883 DEBUG https://cloud.tenable.com:443 "GET /scanners/1/agents/16923160 HTTP/1.1" 200 None
2023-02-04 13:20:18,884 DEBUG Request-UUID 9b1ce316b197a1d82ddaafb14eab01e1 for https://cloud.tenable.com/scanners/1/agents/16923160
2023-02-04 13:20:18,884 DEBUG {"method": "GET", "url": "https://cloud.tenable.com/scanners/1/agents/16920262", "params": {}, "body": {}}
2023-02-04 13:20:22,905 DEBUG https://cloud.tenable.com:443 "GET /scanners/1/agents/16920262 HTTP/1.1" 200 None
2023-02-04 13:20:22,906 DEBUG Request-UUID f16797c93f51fe0475b4302828c0fbad for https://cloud.tenable.com/scanners/1/agents/16920262
2023-02-04 13:20:22,906 DEBUG {"method": "GET", "url": "https://cloud.tenable.com/scanners/1/agents/16920983", "params": {}, "body": {}}
2023-02-04 13:20:27,001 DEBUG https://cloud.tenable.com:443 "GET /scanners/1/agents/16920983 HTTP/1.1" 200 None
2023-02-04 13:20:27,002 DEBUG Request-UUID 26348344c10bb02b218ff4f58d90a464 for https://cloud.tenable.com/scanners/1/agents/16920983
2023-02-04 13:20:27,002 DEBUG {"method": "GET", "url": "https://cloud.tenable.com/scanners/1/agents/45995367", "params": {}, "body": {}}
2023-02-04 13:20:30,975 DEBUG https://cloud.tenable.com:443 "GET /scanners/1/agents/45995367 HTTP/1.1" 200 None
2023-02-04 13:20:30,976 DEBUG Request-UUID 6819d9f0bd420184bce5790d460d46d8 for https://cloud.tenable.com/scanners/1/agents/45995367
2023-02-04 13:20:30,976 DEBUG {"method": "GET", "url": "https://cloud.tenable.com/scanners/1/agents/49509744", "params": {}, "body": {}}
2023-02-04 13:20:34,988 DEBUG https://cloud.tenable.com:443 "GET /scanners/1/agents/49509744 HTTP/1.1" 200 None
2023-02-04 13:20:34,989 DEBUG Request-UUID febd8aca1333e23fc3bd984cb79ccbd3 for https://cloud.tenable.com/scanners/1/agents/49509744
2023-02-04 13:20:34,989 DEBUG {"method": "GET", "url": "https://cloud.tenable.com/scanners/1/agents/16923459", "params": {}, "body": {}}
2023-02-04 13:20:38,981 DEBUG https://cloud.tenable.com:443 "GET /scanners/1/agents/16923459 HTTP/1.1" 200 None
2023-02-04 13:20:38,983 DEBUG Request-UUID aad0c4c705ff78b34d107cd47b8fe4e9 for https://cloud.tenable.com/scanners/1/agents/16923459
2023-02-04 13:20:38,983 DEBUG {"method": "GET", "url": "https://cloud.tenable.com/scanners/1/agents/103918084", "params": {}, "body": {}}
2023-02-04 13:20:42,975 DEBUG https://cloud.tenable.com:443 "GET /scanners/1/agents/103918084 HTTP/1.1" 200 None
2023-02-04 13:20:42,976 DEBUG Request-UUID 07e6b595e461876d1586766c5223f638 for https://cloud.tenable.com/scanners/1/agents/103918084
2023-02-04 13:20:42,976 DEBUG {"method": "GET", "url": "https://cloud.tenable.com/scanners/1/agents/53959992", "params": {}, "body": {}}
2023-02-04 13:20:46,968 DEBUG https://cloud.tenable.com:443 "GET /scanners/1/agents/53959992 HTTP/1.1" 200 None
2023-02-04 13:20:46,969 DEBUG Request-UUID 21f585d8ef5ef2578646c570fa68dda2 for https://cloud.tenable.com/scanners/1/agents/53959992
2023-02-04 13:20:46,970 DEBUG {"method": "GET", "url": "https://cloud.tenable.com/scanners/1/agents/48061475", "params": {}, "body": {}}
2023-02-04 13:20:50,962 DEBUG https://cloud.tenable.com:443 "GET /scanners/1/agents/48061475 HTTP/1.1" 200 None
2023-02-04 13:20:50,963 DEBUG Request-UUID ef42ebbb5a451d5db079cd9db27c6c31 for https://cloud.tenable.com/scanners/1/agents/48061475
2023-02-04 13:20:50,964 DEBUG {"method": "GET", "url": "https://cloud.tenable.com/scanners/1/agents/16922800", "params": {}, "body": {}}
2023-02-04 13:20:54,955 DEBUG https://cloud.tenable.com:443 "GET /scanners/1/agents/16922800 HTTP/1.1" 200 None
2023-02-04 13:20:54,957 DEBUG Request-UUID cf7415377fe1476dde312e89dd1a3b54 for https://cloud.tenable.com/scanners/1/agents/16922800
2023-02-04 13:20:54,957 DEBUG {"method": "GET", "url": "https://cloud.tenable.com/scanners/1/agents/99476108", "params": {}, "body": {}}
2023-02-04 13:20:58,950 DEBUG https://cloud.tenable.com:443 "GET /scanners/1/agents/99476108 HTTP/1.1" 200 None
2023-02-04 13:20:58,952 DEBUG Request-UUID 5f9f9c34b905daf7775a71fe07fc5f00 for https://cloud.tenable.com/scanners/1/agents/99476108
2023-02-04 13:20:58,952 DEBUG {"method": "GET", "url": "https://cloud.tenable.com/scanners/1/agents/100748110", "params": {}, "body": {}}
2023-02-04 13:21:02,943 DEBUG https://cloud.tenable.com:443 "GET /scanners/1/agents/100748110 HTTP/1.1" 200 None
2023-02-04 13:21:02,945 DEBUG Request-UUID 59514378f8b4db61bdf6f81c56515d9e for https://cloud.tenable.com/scanners/1/agents/100748110
2023-02-04 13:21:02,945 DEBUG {"method": "GET", "url": "https://cloud.tenable.com/scanners/1/agents/16898600", "params": {}, "body": {}}
2023-02-04 13:21:06,955 DEBUG https://cloud.tenable.com:443 "GET /scanners/1/agents/16898600 HTTP/1.1" 200 None
2023-02-04 13:21:06,956 DEBUG Request-UUID 97bc5f38082adde178edd3a82b153b7d for https://cloud.tenable.com/scanners/1/agents/16898600
2023-02-04 13:21:06,956 DEBUG {"method": "GET", "url": "https://cloud.tenable.com/scanners/1/agents/103996102", "params": {}, "body": {}}
2023-02-04 13:21:10,929 DEBUG https://cloud.tenable.com:443 "GET /scanners/1/agents/103996102 HTTP/1.1" 200 None
2023-02-04 13:21:10,930 DEBUG Request-UUID 69b9e3db61d8fe2b42258bfe38dc684a for https://cloud.tenable.com/scanners/1/agents/103996102
2023-02-04 13:21:10,931 DEBUG {"method": "GET", "url": "https://cloud.tenable.com/scanners/1/agents/53961029", "params": {}, "body": {}}
2023-02-04 13:21:15,025 DEBUG https://cloud.tenable.com:443 "GET /scanners/1/agents/53961029 HTTP/1.1" 200 None
2023-02-04 13:21:15,026 DEBUG Request-UUID 9620c01d60d0d1d8e43d9b5d5ff95b46 for https://cloud.tenable.com/scanners/1/agents/53961029
2023-02-04 13:21:15,027 DEBUG {"method": "GET", "url": "https://cloud.tenable.com/scanners/1/agents/45989208", "params": {}, "body": {}}
2023-02-04 13:21:18,916 DEBUG https://cloud.tenable.com:443 "GET /scanners/1/agents/45989208 HTTP/1.1" 200 None
2023-02-04 13:21:18,917 DEBUG Request-UUID 737b3366404432fb89f2a298411f3a6d for https://cloud.tenable.com/scanners/1/agents/45989208
2023-02-04 13:21:18,918 DEBUG {"method": "GET", "url": "https://cloud.tenable.com/scanners/1/agents/100065864", "params": {}, "body": {}}
2023-02-04 13:21:22,909 DEBUG https://cloud.tenable.com:443 "GET /scanners/1/agents/100065864 HTTP/1.1" 200 None
2023-02-04 13:21:22,911 DEBUG Request-UUID 3994dd637bb9b54f8c8c7ff76de2a3c4 for https://cloud.tenable.com/scanners/1/agents/100065864
2023-02-04 13:21:22,911 DEBUG {"method": "GET", "url": "https://cloud.tenable.com/scanners/1/agents/103918061", "params": {}, "body": {}}
2023-02-04 13:21:27,005 DEBUG https://cloud.tenable.com:443 "GET /scanners/1/agents/103918061 HTTP/1.1" 200 None
2023-02-04 13:21:27,007 DEBUG Request-UUID 1c4f7357183ae56429bf1c6676032bd5 for https://cloud.tenable.com/scanners/1/agents/103918061
2023-02-04 13:21:27,007 DEBUG {"method": "GET", "url": "https://cloud.tenable.com/scanners/1/agents/103918057", "params": {}, "body": {}}
2023-02-04 13:21:30,998 DEBUG https://cloud.tenable.com:443 "GET /scanners/1/agents/103918057 HTTP/1.1" 200 None
2023-02-04 13:21:31,000 DEBUG Request-UUID 34cae7788380c3dc6f48b61bf721ebce for https://cloud.tenable.com/scanners/1/agents/103918057
2023-02-04 13:21:31,000 DEBUG {"method": "GET", "url": "https://cloud.tenable.com/scanners/1/agents/57136109", "params": {}, "body": {}}
2023-02-04 13:21:34,992 DEBUG https://cloud.tenable.com:443 "GET /scanners/1/agents/57136109 HTTP/1.1" 200 None
2023-02-04 13:21:34,994 DEBUG Request-UUID 3697b59d37003086020c5254e0f7209b for https://cloud.tenable.com/scanners/1/agents/57136109
2023-02-04 13:21:34,994 DEBUG {"method": "GET", "url": "https://cloud.tenable.com/scanners/1/agents/45965538", "params": {}, "body": {}}
2023-02-04 13:21:39,216 DEBUG https://cloud.tenable.com:443 "GET /scanners/1/agents/45965538 HTTP/1.1" 200 None
2023-02-04 13:21:39,217 DEBUG Request-UUID b4c554e669a791cbe21b927f5686a9d9 for https://cloud.tenable.com/scanners/1/agents/45965538
2023-02-04 13:21:39,218 DEBUG {"method": "GET", "url": "https://cloud.tenable.com/scanners/1/agents/100067172", "params": {}, "body": {}}
2023-02-04 13:21:42,950 DEBUG https://cloud.tenable.com:443 "GET /scanners/1/agents/100067172 HTTP/1.1" 200 None
2023-02-04 13:21:42,951 DEBUG Request-UUID 1584d390d422eadc043d38923b845497 for https://cloud.tenable.com/scanners/1/agents/100067172
2023-02-04 13:21:42,951 DEBUG {"method": "GET", "url": "https://cloud.tenable.com/scanners/1/agents/45970364", "params": {}, "body": {}}
2023-02-04 13:21:46,859 DEBUG https://cloud.tenable.com:443 "GET /scanners/1/agents/45970364 HTTP/1.1" 200 None
2023-02-04 13:21:46,861 DEBUG Request-UUID 7aa54dd2bef70d139829ad9b25b722a7 for https://cloud.tenable.com/scanners/1/agents/45970364
2023-02-04 13:21:46,861 DEBUG {"method": "GET", "url": "https://cloud.tenable.com/scanners/1/agents/45973891", "params": {}, "body": {}}
2023-02-04 13:21:50,966 DEBUG https://cloud.tenable.com:443 "GET /scanners/1/agents/45973891 HTTP/1.1" 200 None
2023-02-04 13:21:50,967 DEBUG Request-UUID e8b9a6ea3231f984651f98af13cfd584 for https://cloud.tenable.com/scanners/1/agents/45973891
2023-02-04 13:21:50,967 DEBUG {"method": "GET", "url": "https://cloud.tenable.com/scanners/1/agents/82843008", "params": {}, "body": {}}
2023-02-04 13:21:55,161 DEBUG https://cloud.tenable.com:443 "GET /scanners/1/agents/82843008 HTTP/1.1" 200 None
2023-02-04 13:21:55,163 DEBUG Request-UUID 323030cf77b343854145d1bd4ef8df66 for https://cloud.tenable.com/scanners/1/agents/82843008
2023-02-04 13:21:55,163 DEBUG {"method": "GET", "url": "https://cloud.tenable.com/scanners/1/agents/106118308", "params": {}, "body": {}}
2023-02-04 13:21:59,268 DEBUG https://cloud.tenable.com:443 "GET /scanners/1/agents/106118308 HTTP/1.1" 200 None
2023-02-04 13:21:59,269 DEBUG Request-UUID 5869e0e277f16cc534136d010ffa6373 for https://cloud.tenable.com/scanners/1/agents/106118308
2023-02-04 13:21:59,269 DEBUG {"method": "GET", "url": "https://cloud.tenable.com/scanners/1/agents/106118768", "params": {}, "body": {}}
2023-02-04 13:22:03,463 DEBUG https://cloud.tenable.com:443 "GET /scanners/1/agents/106118768 HTTP/1.1" 200 None
2023-02-04 13:22:03,464 DEBUG Request-UUID 62a781d2e3dd9a12174288df14ede067 for https://cloud.tenable.com/scanners/1/agents/106118768
2023-02-04 13:22:03,464 DEBUG {"method": "GET", "url": "https://cloud.tenable.com/scanners/1/agents/104076747", "params": {}, "body": {}}
2023-02-04 13:22:07,133 DEBUG https://cloud.tenable.com:443 "GET /scanners/1/agents/104076747 HTTP/1.1" 200 None
2023-02-04 13:22:07,134 DEBUG Request-UUID f76b960f707642aea2c18287bffebf27 for https://cloud.tenable.com/scanners/1/agents/104076747
2023-02-04 13:22:07,135 DEBUG {"method": "GET", "url": "https://cloud.tenable.com/scanners/1/agents/103918060", "params": {}, "body": {}}
2023-02-04 13:22:11,037 DEBUG https://cloud.tenable.com:443 "GET /scanners/1/agents/103918060 HTTP/1.1" 200 None
2023-02-04 13:22:11,038 DEBUG Request-UUID fa3fa4705ff22d453eb437275133ce48 for https://cloud.tenable.com/scanners/1/agents/103918060
2023-02-04 13:22:11,038 DEBUG {"method": "GET", "url": "https://cloud.tenable.com/scanners/1/agents/103918058", "params": {}, "body": {}}
2023-02-04 13:22:14,897 DEBUG https://cloud.tenable.com:443 "GET /scanners/1/agents/103918058 HTTP/1.1" 200 None
2023-02-04 13:22:14,898 DEBUG Request-UUID 6e088caa69a2cfb2b726928246978e6f for https://cloud.tenable.com/scanners/1/agents/103918058
2023-02-04 13:22:14,898 DEBUG {"method": "GET", "url": "https://cloud.tenable.com/scanners/1/agents/96427285", "params": {}, "body": {}}
2023-02-04 13:22:19,023 DEBUG https://cloud.tenable.com:443 "GET /scanners/1/agents/96427285 HTTP/1.1" 200 None
2023-02-04 13:22:19,024 DEBUG Request-UUID 6223b3a7ae6291a352d219cdcc7c2ef8 for https://cloud.tenable.com/scanners/1/agents/96427285
2023-02-04 13:22:19,024 DEBUG {"method": "GET", "url": "https://cloud.tenable.com/scanners/1/agents/56578004", "params": {}, "body": {}}
2023-02-04 13:22:23,220 DEBUG https://cloud.tenable.com:443 "GET /scanners/1/agents/56578004 HTTP/1.1" 200 None
2023-02-04 13:22:23,222 DEBUG Request-UUID 486562ffb791c6a353d706d7dc76ba70 for https://cloud.tenable.com/scanners/1/agents/56578004
2023-02-04 13:22:23,222 DEBUG {"method": "GET", "url": "https://cloud.tenable.com/scanners/1/agents/102983579", "params": {}, "body": {}}
2023-02-04 13:22:26,904 DEBUG https://cloud.tenable.com:443 "GET /scanners/1/agents/102983579 HTTP/1.1" 200 None
2023-02-04 13:22:26,905 DEBUG Request-UUID 4a8f83e51e8d00b6b221b37e86b1de10 for https://cloud.tenable.com/scanners/1/agents/102983579
2023-02-04 13:22:26,905 DEBUG {"method": "GET", "url": "https://cloud.tenable.com/scanners/1/agents/83593230", "params": {}, "body": {}}
2023-02-04 13:22:31,058 DEBUG https://cloud.tenable.com:443 "GET /scanners/1/agents/83593230 HTTP/1.1" 200 None
2023-02-04 13:22:31,060 DEBUG Request-UUID 826b67883b6932278ad5551d832e8311 for https://cloud.tenable.com/scanners/1/agents/83593230
2023-02-04 13:22:31,060 DEBUG {"method": "GET", "url": "https://cloud.tenable.com/scanners/1/agents/56092301", "params": {}, "body": {}}
2023-02-04 13:22:35,304 DEBUG https://cloud.tenable.com:443 "GET /scanners/1/agents/56092301 HTTP/1.1" 200 None
2023-02-04 13:22:35,305 DEBUG Request-UUID b8ea3bddcfee4c62aa541ace431dc39f for https://cloud.tenable.com/scanners/1/agents/56092301
2023-02-04 13:22:35,305 DEBUG {"method": "GET", "url": "https://cloud.tenable.com/scanners/1/agents/16920163", "params": {}, "body": {}}
2023-02-04 13:22:38,990 DEBUG https://cloud.tenable.com:443 "GET /scanners/1/agents/16920163 HTTP/1.1" 200 None
2023-02-04 13:22:38,991 DEBUG Request-UUID 14b13c338fc1dc9c297b25abbd9ab638 for https://cloud.tenable.com/scanners/1/agents/16920163
2023-02-04 13:22:38,991 DEBUG {"method": "GET", "url": "https://cloud.tenable.com/scanners/1/agents/45965527", "params": {}, "body": {}}
2023-02-04 13:22:43,116 DEBUG https://cloud.tenable.com:443 "GET /scanners/1/agents/45965527 HTTP/1.1" 200 None
2023-02-04 13:22:43,117 DEBUG Request-UUID 10455456a809c3473e37d55c0ae4640e for https://cloud.tenable.com/scanners/1/agents/45965527
2023-02-04 13:22:43,118 DEBUG {"method": "GET", "url": "https://cloud.tenable.com/scanners/1/agents/16922516", "params": {}, "body": {}}
2023-02-04 13:22:46,979 DEBUG https://cloud.tenable.com:443 "GET /scanners/1/agents/16922516 HTTP/1.1" 200 None
2023-02-04 13:22:46,980 DEBUG Request-UUID 0de3ff58d6b65914fc97d07cb8d58682 for https://cloud.tenable.com/scanners/1/agents/16922516
2023-02-04 13:22:46,981 DEBUG {"method": "GET", "url": "https://cloud.tenable.com/scanners/1/agents/16920170", "params": {}, "body": {}}
2023-02-04 13:22:51,073 DEBUG https://cloud.tenable.com:443 "GET /scanners/1/agents/16920170 HTTP/1.1" 200 None
2023-02-04 13:22:51,074 DEBUG Request-UUID 0147b8aacfc1a02274e29fe268315c4d for https://cloud.tenable.com/scanners/1/agents/16920170
2023-02-04 13:22:51,075 DEBUG {"method": "GET", "url": "https://cloud.tenable.com/scanners/1/agents/16923042", "params": {}, "body": {}}
2023-02-04 13:22:55,370 DEBUG https://cloud.tenable.com:443 "GET /scanners/1/agents/16923042 HTTP/1.1" 200 None
2023-02-04 13:22:55,372 DEBUG Request-UUID d763cbcd10d12153edc9a698c53e9456 for https://cloud.tenable.com/scanners/1/agents/16923042
2023-02-04 13:22:55,372 DEBUG {"method": "GET", "url": "https://cloud.tenable.com/scanners/1/agents/45970376", "params": {}, "body": {}}
2023-02-04 13:22:58,958 DEBUG https://cloud.tenable.com:443 "GET /scanners/1/agents/45970376 HTTP/1.1" 200 None
2023-02-04 13:22:58,959 DEBUG Request-UUID f0e2c30ed50aae0cce30d705972d2539 for https://cloud.tenable.com/scanners/1/agents/45970376
2023-02-04 13:22:58,960 DEBUG {"method": "GET", "url": "https://cloud.tenable.com/scanners/1/agents/105127717", "params": {}, "body": {}}
2023-02-04 13:23:02,971 DEBUG https://cloud.tenable.com:443 "GET /scanners/1/agents/105127717 HTTP/1.1" 200 None
2023-02-04 13:23:02,973 DEBUG Request-UUID 3d9b69f8daeac09bdba9186e26705990 for https://cloud.tenable.com/scanners/1/agents/105127717
2023-02-04 13:23:02,973 DEBUG {"method": "GET", "url": "https://cloud.tenable.com/scanners/1/agents/16898485", "params": {}, "body": {}}
2023-02-04 13:23:06,945 DEBUG https://cloud.tenable.com:443 "GET /scanners/1/agents/16898485 HTTP/1.1" 200 None
2023-02-04 13:23:06,946 DEBUG Request-UUID 92c8abc763a30e9c9abab134cd272f9d for https://cloud.tenable.com/scanners/1/agents/16898485
2023-02-04 13:23:06,946 DEBUG {"method": "GET", "url": "https://cloud.tenable.com/scanners/1/agents/16899526", "params": {}, "body": {}}
2023-02-04 13:23:10,939 DEBUG https://cloud.tenable.com:443 "GET /scanners/1/agents/16899526 HTTP/1.1" 200 None
2023-02-04 13:23:10,940 DEBUG Request-UUID e94542f9780b559c7c3a603c1b626e2f for https://cloud.tenable.com/scanners/1/agents/16899526
2023-02-04 13:23:10,940 DEBUG {"method": "GET", "url": "https://cloud.tenable.com/scanners/1/agents/16899683", "params": {}, "body": {}}
2023-02-04 13:23:15,035 DEBUG https://cloud.tenable.com:443 "GET /scanners/1/agents/16899683 HTTP/1.1" 200 None
2023-02-04 13:23:15,036 DEBUG Request-UUID c73ebb13812393d048a4aaf3882f37a2 for https://cloud.tenable.com/scanners/1/agents/16899683
2023-02-04 13:23:15,036 DEBUG {"method": "GET", "url": "https://cloud.tenable.com/scanners/1/agents/99956165", "params": {}, "body": {}}
2023-02-04 13:23:19,264 DEBUG https://cloud.tenable.com:443 "GET /scanners/1/agents/99956165 HTTP/1.1" 200 None
2023-02-04 13:23:19,265 DEBUG Request-UUID 0de89b76a353255419c659663ee7a693 for https://cloud.tenable.com/scanners/1/agents/99956165
2023-02-04 13:23:19,266 DEBUG {"method": "GET", "url": "https://cloud.tenable.com/scanners/1/agents/16899566", "params": {}, "body": {}}
2023-02-04 13:23:22,972 DEBUG https://cloud.tenable.com:443 "GET /scanners/1/agents/16899566 HTTP/1.1" 200 None
2023-02-04 13:23:22,973 DEBUG Request-UUID b17364258b9fe137d88e79240a03da2f for https://cloud.tenable.com/scanners/1/agents/16899566
2023-02-04 13:23:22,974 DEBUG {"method": "GET", "url": "https://cloud.tenable.com/scanners/1/agents/51563638", "params": {}, "body": {}}
2023-02-04 13:23:27,117 DEBUG https://cloud.tenable.com:443 "GET /scanners/1/agents/51563638 HTTP/1.1" 200 None
2023-02-04 13:23:27,118 DEBUG Request-UUID 23858e1dcda9576d49cf6b04a5629afd for https://cloud.tenable.com/scanners/1/agents/51563638
2023-02-04 13:23:27,118 DEBUG {"method": "GET", "url": "https://cloud.tenable.com/scanners/1/agents/105014579", "params": {}, "body": {}}
2023-02-04 13:23:31,261 DEBUG https://cloud.tenable.com:443 "GET /scanners/1/agents/105014579 HTTP/1.1" 200 None
2023-02-04 13:23:31,262 DEBUG Request-UUID e57129d99d56ca4de3ae8d230860561d for https://cloud.tenable.com/scanners/1/agents/105014579
2023-02-04 13:23:31,262 DEBUG {"method": "GET", "url": "https://cloud.tenable.com/scanners/1/agents/45970368", "params": {}, "body": {}}
2023-02-04 13:23:34,999 DEBUG https://cloud.tenable.com:443 "GET /scanners/1/agents/45970368 HTTP/1.1" 200 None
2023-02-04 13:23:35,001 DEBUG Request-UUID d6f154fbefecb5d46300a1804f896c45 for https://cloud.tenable.com/scanners/1/agents/45970368
2023-02-04 13:23:35,001 DEBUG {"method": "GET", "url": "https://cloud.tenable.com/scanners/1/agents/100069720", "params": {}, "body": {}}
2023-02-04 13:23:38,996 DEBUG https://cloud.tenable.com:443 "GET /scanners/1/agents/100069720 HTTP/1.1" 200 None
2023-02-04 13:23:38,998 DEBUG Request-UUID f64648925853af77bdf24c4a596ce7c7 for https://cloud.tenable.com/scanners/1/agents/100069720
2023-02-04 13:23:38,998 DEBUG {"method": "GET", "url": "https://cloud.tenable.com/scanners/1/agents/16925500", "params": {}, "body": {}}
2023-02-04 13:23:43,093 DEBUG https://cloud.tenable.com:443 "GET /scanners/1/agents/16925500 HTTP/1.1" 200 None
2023-02-04 13:23:43,095 DEBUG Request-UUID ec47cbb5250a3c997e69773b1fbd2383 for https://cloud.tenable.com/scanners/1/agents/16925500
2023-02-04 13:23:43,095 DEBUG {"method": "GET", "url": "https://cloud.tenable.com/scanners/1/agents/16920350", "params": {}, "body": {}}
2023-02-04 13:23:46,965 DEBUG https://cloud.tenable.com:443 "GET /scanners/1/agents/16920350 HTTP/1.1" 200 None
2023-02-04 13:23:46,966 DEBUG Request-UUID 1c5c519bc54a7c1b9f1252317ef0b52a for https://cloud.tenable.com/scanners/1/agents/16920350
2023-02-04 13:23:46,967 DEBUG {"method": "GET", "url": "https://cloud.tenable.com/scanners/1/agents/16925292", "params": {}, "body": {}}
2023-02-04 13:23:51,180 DEBUG https://cloud.tenable.com:443 "GET /scanners/1/agents/16925292 HTTP/1.1" 200 None
2023-02-04 13:23:51,181 DEBUG Request-UUID c2bbfd276f51969f3ca73bffae244154 for https://cloud.tenable.com/scanners/1/agents/16925292
2023-02-04 13:23:51,182 DEBUG {"method": "GET", "url": "https://cloud.tenable.com/scanners/1/agents/45967394", "params": {}, "body": {}}
2023-02-04 13:23:54,950 DEBUG https://cloud.tenable.com:443 "GET /scanners/1/agents/45967394 HTTP/1.1" 200 None
2023-02-04 13:23:54,951 DEBUG Request-UUID b1ba3d70f5e514ae500bea47b6e55039 for https://cloud.tenable.com/scanners/1/agents/45967394
2023-02-04 13:23:54,951 DEBUG {"method": "GET", "url": "https://cloud.tenable.com/scanners/1/agents/100069726", "params": {}, "body": {}}
2023-02-04 13:23:59,165 DEBUG https://cloud.tenable.com:443 "GET /scanners/1/agents/100069726 HTTP/1.1" 200 None
2023-02-04 13:23:59,166 DEBUG Request-UUID 312f265f4efee08de27c0a5cb4c3bc6b for https://cloud.tenable.com/scanners/1/agents/100069726
2023-02-04 13:23:59,166 DEBUG {"method": "GET", "url": "https://cloud.tenable.com/scanners/1/agents/16920708", "params": {}, "body": {}}
2023-02-04 13:24:03,307 DEBUG https://cloud.tenable.com:443 "GET /scanners/1/agents/16920708 HTTP/1.1" 200 None
2023-02-04 13:24:03,308 DEBUG Request-UUID 4a28c655465f3e7a34aa53c174b7580f for https://cloud.tenable.com/scanners/1/agents/16920708
2023-02-04 13:24:03,308 DEBUG {"method": "GET", "url": "https://cloud.tenable.com/scanners/1/agents/45969586", "params": {}, "body": {}}
2023-02-04 13:24:07,359 DEBUG https://cloud.tenable.com:443 "GET /scanners/1/agents/45969586 HTTP/1.1" 200 None
2023-02-04 13:24:07,360 DEBUG Request-UUID 6dd239f513e99d0588f60e61f3185fb0 for https://cloud.tenable.com/scanners/1/agents/45969586
2023-02-04 13:24:07,361 DEBUG {"method": "GET", "url": "https://cloud.tenable.com/scanners/1/agents/100528234", "params": {}, "body": {}}
2023-02-04 13:24:11,045 DEBUG https://cloud.tenable.com:443 "GET /scanners/1/agents/100528234 HTTP/1.1" 200 None
2023-02-04 13:24:11,046 DEBUG Request-UUID ad7ddf4f23e79d43fa77123ed55fca78 for https://cloud.tenable.com/scanners/1/agents/100528234
2023-02-04 13:24:11,047 DEBUG {"method": "GET", "url": "https://cloud.tenable.com/scanners/1/agents/45966171", "params": {}, "body": {}}
2023-02-04 13:24:15,169 DEBUG https://cloud.tenable.com:443 "GET /scanners/1/agents/45966171 HTTP/1.1" 200 None
2023-02-04 13:24:15,171 DEBUG Request-UUID c4655312fec3a04a2083be5e837f2f9c for https://cloud.tenable.com/scanners/1/agents/45966171
2023-02-04 13:24:15,171 DEBUG {"method": "GET", "url": "https://cloud.tenable.com/scanners/1/agents/16897237", "params": {}, "body": {}}
2023-02-04 13:24:18,957 DEBUG https://cloud.tenable.com:443 "GET /scanners/1/agents/16897237 HTTP/1.1" 200 None
2023-02-04 13:24:18,958 DEBUG Request-UUID 03bf9d59ba4ed3081e710d9b28dfcb43 for https://cloud.tenable.com/scanners/1/agents/16897237
2023-02-04 13:24:18,958 DEBUG {"method": "GET", "url": "https://cloud.tenable.com/scanners/1/agents/16922934", "params": {}, "body": {}}
2023-02-04 13:24:22,975 DEBUG https://cloud.tenable.com:443 "GET /scanners/1/agents/16922934 HTTP/1.1" 200 None
2023-02-04 13:24:22,977 DEBUG Request-UUID a7794e2bfef205ec7aa1b29bc380cf29 for https://cloud.tenable.com/scanners/1/agents/16922934
2023-02-04 13:24:22,977 DEBUG {"method": "GET", "url": "https://cloud.tenable.com/scanners/1/agents/75295150", "params": {}, "body": {}}
2023-02-04 13:24:27,019 DEBUG https://cloud.tenable.com:443 "GET /scanners/1/agents/75295150 HTTP/1.1" 200 None
2023-02-04 13:24:27,021 DEBUG Request-UUID 97b6ed9751079c5465f0e3ca56af5934 for https://cloud.tenable.com/scanners/1/agents/75295150
2023-02-04 13:24:27,021 DEBUG {"method": "GET", "url": "https://cloud.tenable.com/scanners/1/agents/100527158", "params": {}, "body": {}}
2023-02-04 13:24:31,014 DEBUG https://cloud.tenable.com:443 "GET /scanners/1/agents/100527158 HTTP/1.1" 200 None
2023-02-04 13:24:31,015 DEBUG Request-UUID cf4828d853d24bedcae120ac7c967a26 for https://cloud.tenable.com/scanners/1/agents/100527158
2023-02-04 13:24:31,015 DEBUG {"method": "GET", "url": "https://cloud.tenable.com/scanners/1/agents/30792981", "params": {}, "body": {}}
2023-02-04 13:24:35,110 DEBUG https://cloud.tenable.com:443 "GET /scanners/1/agents/30792981 HTTP/1.1" 200 None
2023-02-04 13:24:35,111 DEBUG Request-UUID 2f85cf29d5d23873c31c1e7f66cbce9a for https://cloud.tenable.com/scanners/1/agents/30792981
2023-02-04 13:24:35,111 DEBUG {"method": "GET", "url": "https://cloud.tenable.com/scanners/1/agents/99749894", "params": {}, "body": {}}
2023-02-04 13:24:39,055 DEBUG https://cloud.tenable.com:443 "GET /scanners/1/agents/99749894 HTTP/1.1" 200 None
2023-02-04 13:24:39,056 DEBUG Request-UUID 7bd794ed474edae90279dc389e23d7b0 for https://cloud.tenable.com/scanners/1/agents/99749894
2023-02-04 13:24:39,057 DEBUG {"method": "GET", "url": "https://cloud.tenable.com/scanners/1/agents/16710969", "params": {}, "body": {}}
2023-02-04 13:24:43,022 DEBUG https://cloud.tenable.com:443 "GET /scanners/1/agents/16710969 HTTP/1.1" 200 None
2023-02-04 13:24:43,023 DEBUG Request-UUID 597925e893099ca1810581d8bb648ffb for https://cloud.tenable.com/scanners/1/agents/16710969
2023-02-04 13:24:43,023 DEBUG {"method": "GET", "url": "https://cloud.tenable.com/scanners/1/agents/45961503", "params": {}, "body": {}}
2023-02-04 13:24:47,090 DEBUG https://cloud.tenable.com:443 "GET /scanners/1/agents/45961503 HTTP/1.1" 200 None
2023-02-04 13:24:47,091 DEBUG Request-UUID b0b1c25640344aad0a4cb3ea950fb629 for https://cloud.tenable.com/scanners/1/agents/45961503
2023-02-04 13:24:47,092 DEBUG {"method": "GET", "url": "https://cloud.tenable.com/scanners/1/agents/45966179", "params": {}, "body": {}}
2023-02-04 13:24:51,159 DEBUG https://cloud.tenable.com:443 "GET /scanners/1/agents/45966179 HTTP/1.1" 200 None
2023-02-04 13:24:51,160 DEBUG Request-UUID 1ad10d6603c7c66f5ecf047233a309b3 for https://cloud.tenable.com/scanners/1/agents/45966179
2023-02-04 13:24:51,161 DEBUG {"method": "GET", "url": "https://cloud.tenable.com/scanners/1/agents/16714716", "params": {}, "body": {}}
2023-02-04 13:24:55,383 DEBUG https://cloud.tenable.com:443 "GET /scanners/1/agents/16714716 HTTP/1.1" 200 None
2023-02-04 13:24:55,384 DEBUG Request-UUID a7a179fd270f442d62b6b1c5345c7a5e for https://cloud.tenable.com/scanners/1/agents/16714716
2023-02-04 13:24:55,384 DEBUG {"method": "GET", "url": "https://cloud.tenable.com/scanners/1/agents/31719513", "params": {}, "body": {}}
2023-02-04 13:24:59,168 DEBUG https://cloud.tenable.com:443 "GET /scanners/1/agents/31719513 HTTP/1.1" 200 None
2023-02-04 13:24:59,169 DEBUG Request-UUID 2275f8ad555d709699f7d57e7ac90a64 for https://cloud.tenable.com/scanners/1/agents/31719513
2023-02-04 13:24:59,170 DEBUG {"method": "GET", "url": "https://cloud.tenable.com/scanners/1/agents/16714756", "params": {}, "body": {}}
2023-02-04 13:25:03,063 DEBUG https://cloud.tenable.com:443 "GET /scanners/1/agents/16714756 HTTP/1.1" 200 None
2023-02-04 13:25:03,065 DEBUG Request-UUID 6517b3f4ac1dcfc916a83d1011ea1036 for https://cloud.tenable.com/scanners/1/agents/16714756
2023-02-04 13:25:03,065 DEBUG {"method": "GET", "url": "https://cloud.tenable.com/scanners/1/agents/106084548", "params": {}, "body": {}}
2023-02-04 13:25:07,056 DEBUG https://cloud.tenable.com:443 "GET /scanners/1/agents/106084548 HTTP/1.1" 200 None
2023-02-04 13:25:07,058 DEBUG Request-UUID ed612ca0fae10434fe9c8706a29d0df3 for https://cloud.tenable.com/scanners/1/agents/106084548
2023-02-04 13:25:07,058 DEBUG {"method": "GET", "url": "https://cloud.tenable.com/scanners/1/agents/105848769", "params": {}, "body": {}}
2023-02-04 13:25:11,048 DEBUG https://cloud.tenable.com:443 "GET /scanners/1/agents/105848769 HTTP/1.1" 200 None
2023-02-04 13:25:11,049 DEBUG Request-UUID 84e96144d702ae6f299c95478a92544e for https://cloud.tenable.com/scanners/1/agents/105848769
2023-02-04 13:25:11,049 DEBUG {"method": "GET", "url": "https://cloud.tenable.com/scanners/1/agents/106119061", "params": {}, "body": {}}
2023-02-04 13:25:15,022 DEBUG https://cloud.tenable.com:443 "GET /scanners/1/agents/106119061 HTTP/1.1" 200 None
2023-02-04 13:25:15,023 DEBUG Request-UUID 3152d85f3291ee2066a23f7234584c70 for https://cloud.tenable.com/scanners/1/agents/106119061
2023-02-04 13:25:15,023 DEBUG {"method": "GET", "url": "https://cloud.tenable.com/scanners/1/agents/45967540", "params": {}, "body": {}}
2023-02-04 13:25:18,962 DEBUG https://cloud.tenable.com:443 "GET /scanners/1/agents/45967540 HTTP/1.1" 200 None
2023-02-04 13:25:18,964 DEBUG Request-UUID bce0f00998d506921b7583bd6ded1f5b for https://cloud.tenable.com/scanners/1/agents/45967540
2023-02-04 13:25:18,964 DEBUG {"method": "GET", "url": "https://cloud.tenable.com/scanners/1/agents/16898096", "params": {}, "body": {}}
2023-02-04 13:25:22,999 DEBUG https://cloud.tenable.com:443 "GET /scanners/1/agents/16898096 HTTP/1.1" 200 None
2023-02-04 13:25:23,001 DEBUG Request-UUID 394bd4ef6d12845da722c8dccd9f30c0 for https://cloud.tenable.com/scanners/1/agents/16898096
2023-02-04 13:25:23,001 DEBUG {"method": "GET", "url": "https://cloud.tenable.com/scanners/1/agents/45966173", "params": {}, "body": {}}
2023-02-04 13:25:27,098 DEBUG https://cloud.tenable.com:443 "GET /scanners/1/agents/45966173 HTTP/1.1" 200 None
2023-02-04 13:25:27,099 DEBUG Request-UUID b7c09af4d5eedac7ef5fd246f4a8ed67 for https://cloud.tenable.com/scanners/1/agents/45966173
2023-02-04 13:25:27,100 DEBUG {"method": "GET", "url": "https://cloud.tenable.com/scanners/1/agents/45965540", "params": {}, "body": {}}
2023-02-04 13:25:31,095 DEBUG https://cloud.tenable.com:443 "GET /scanners/1/agents/45965540 HTTP/1.1" 200 None
2023-02-04 13:25:31,097 DEBUG Request-UUID eeba3b03d18d9cca12be4e161de6ee00 for https://cloud.tenable.com/scanners/1/agents/45965540
2023-02-04 13:25:31,097 DEBUG {"method": "GET", "url": "https://cloud.tenable.com/scanners/1/agents/105686472", "params": {}, "body": {}}
2023-02-04 13:25:41,333 DEBUG {"method": "GET", "url": "https://cloud.tenable.com/filters/scans/agents", "params": {}, "body": {}}
2023-02-04 13:25:41,339 DEBUG Starting new HTTPS connection (1): cloud.tenable.com:443
2023-02-04 13:25:41,865 DEBUG https://cloud.tenable.com:443 "GET /filters/scans/agents HTTP/1.1" 200 None
2023-02-04 13:25:41,866 DEBUG Request-UUID 2e5ddb322895021233f70adc55e54782 for https://cloud.tenable.com/filters/scans/agents
2023-02-04 13:25:41,867 DEBUG {"method": "GET", "url": "https://cloud.tenable.com/scanners/1/agents", "params": {"f": ["groups:eq:265114"], "limit": 50, "offset": 0}, "body": {}}
2023-02-04 13:25:42,092 DEBUG https://cloud.tenable.com:443 "GET /scanners/1/agents?f=groups%3Aeq%3A265114&limit=50&offset=0 HTTP/1.1" 200 99
2023-02-04 13:25:42,094 DEBUG Request-UUID 06a4670cd7b0dfef5350564e0344d888 for https://cloud.tenable.com/scanners/1/agents
2023-02-04 13:31:06,777 DEBUG {"method": "GET", "url": "https://cloud.tenable.com/filters/scans/agents", "params": {}, "body": {}}
2023-02-04 13:31:06,783 DEBUG Starting new HTTPS connection (1): cloud.tenable.com:443
2023-02-04 13:31:07,234 DEBUG https://cloud.tenable.com:443 "GET /filters/scans/agents HTTP/1.1" 200 None
2023-02-04 13:31:07,235 DEBUG Request-UUID 5a48806cbb916a193aab858d725e9679 for https://cloud.tenable.com/filters/scans/agents
2023-02-04 13:31:07,236 DEBUG {"method": "GET", "url": "https://cloud.tenable.com/scanners/1/agents", "params": {"f": ["groups:eq:265114"], "limit": 50, "offset": 0}, "body": {}}
2023-02-04 13:31:07,597 DEBUG https://cloud.tenable.com:443 "GET /scanners/1/agents?f=groups%3Aeq%3A265114&limit=50&offset=0 HTTP/1.1" 200 None
2023-02-04 13:31:07,598 DEBUG Request-UUID 4e1f8e848a8be5edbee65364207e6dc1 for https://cloud.tenable.com/scanners/1/agents
2023-02-04 13:31:07,598 DEBUG {"method": "GET", "url": "https://cloud.tenable.com/scanners/1/agents/51563638", "params": {}, "body": {}}
2023-02-04 13:31:12,871 DEBUG https://cloud.tenable.com:443 "GET /scanners/1/agents/51563638 HTTP/1.1" 200 None
2023-02-04 13:31:12,872 DEBUG Request-UUID c5f2de011f00fba7d69eacaab758279a for https://cloud.tenable.com/scanners/1/agents/51563638
2023-02-04 13:31:12,873 DEBUG {"method": "GET", "url": "https://cloud.tenable.com/scanners/1/agents/99749894", "params": {}, "body": {}}
2023-02-04 13:31:16,813 DEBUG https://cloud.tenable.com:443 "GET /scanners/1/agents/99749894 HTTP/1.1" 200 None
2023-02-04 13:31:16,814 DEBUG Request-UUID 7e6ad1280151603758a7e6f0d5858b78 for https://cloud.tenable.com/scanners/1/agents/99749894
2023-02-04 13:31:16,814 DEBUG {"method": "GET", "url": "https://cloud.tenable.com/scanners/1/agents/100065475", "params": {}, "body": {}}
2023-02-04 13:31:20,806 DEBUG https://cloud.tenable.com:443 "GET /scanners/1/agents/100065475 HTTP/1.1" 200 None
2023-02-04 13:31:20,807 DEBUG Request-UUID b94a58d138460fb07276b8a028850e30 for https://cloud.tenable.com/scanners/1/agents/100065475
2023-02-04 13:31:20,808 DEBUG {"method": "GET", "url": "https://cloud.tenable.com/scanners/1/agents/16714713", "params": {}, "body": {}}
2023-02-04 13:31:24,899 DEBUG https://cloud.tenable.com:443 "GET /scanners/1/agents/16714713 HTTP/1.1" 200 None
2023-02-04 13:31:24,901 DEBUG Request-UUID d83f93f144ddc10acdec1626d58828a3 for https://cloud.tenable.com/scanners/1/agents/16714713
2023-02-04 13:31:24,901 DEBUG {"method": "DELETE", "url": "https://cloud.tenable.com/scanners/1/agent-groups/265114/agents/51563638", "params": {}, "body": {}}
2023-02-04 13:31:28,896 DEBUG https://cloud.tenable.com:443 "DELETE /scanners/1/agent-groups/265114/agents/51563638 HTTP/1.1" 200 None
2023-02-04 13:31:28,897 DEBUG Request-UUID 513efa8042f65fb70e548499d8773c8f for https://cloud.tenable.com/scanners/1/agent-groups/265114/agents/51563638
2023-02-04 13:31:28,898 DEBUG {"method": "DELETE", "url": "https://cloud.tenable.com/scanners/1/agent-groups/265114/agents/99749894", "params": {}, "body": {}}
2023-02-04 13:31:32,889 DEBUG https://cloud.tenable.com:443 "DELETE /scanners/1/agent-groups/265114/agents/99749894 HTTP/1.1" 200 None
2023-02-04 13:31:32,890 DEBUG Request-UUID 43165190e93de33fbb7c7db1151964c7 for https://cloud.tenable.com/scanners/1/agent-groups/265114/agents/99749894
2023-02-04 13:31:32,890 DEBUG {"method": "DELETE", "url": "https://cloud.tenable.com/scanners/1/agent-groups/265114/agents/100065475", "params": {}, "body": {}}
2023-02-04 13:31:36,882 DEBUG https://cloud.tenable.com:443 "DELETE /scanners/1/agent-groups/265114/agents/100065475 HTTP/1.1" 200 None
2023-02-04 13:31:36,884 DEBUG Request-UUID a73201ae7fddbf355e420c19e5bfa132 for https://cloud.tenable.com/scanners/1/agent-groups/265114/agents/100065475
2023-02-04 13:31:36,884 DEBUG {"method": "DELETE", "url": "https://cloud.tenable.com/scanners/1/agent-groups/265114/agents/16714713", "params": {}, "body": {}}
2023-02-04 13:31:40,876 DEBUG https://cloud.tenable.com:443 "DELETE /scanners/1/agent-groups/265114/agents/16714713 HTTP/1.1" 200 None
2023-02-04 13:31:40,877 DEBUG Request-UUID db1b19a7f75bf0ac32f45c173591bb1b for https://cloud.tenable.com/scanners/1/agent-groups/265114/agents/16714713
